\BOOKMARK [0][-]{chapter.1}{\376\377\000N\000a\000m\000e\000s\000p\000a\000c\000e\000\040\000I\000n\000d\000e\000x}{}% 1
\BOOKMARK [1][-]{section.1.1}{\376\377\000N\000a\000m\000e\000s\000p\000a\000c\000e\000\040\000L\000i\000s\000t}{chapter.1}% 2
\BOOKMARK [0][-]{chapter.2}{\376\377\000C\000l\000a\000s\000s\000\040\000I\000n\000d\000e\000x}{}% 3
\BOOKMARK [1][-]{section.2.1}{\376\377\000C\000l\000a\000s\000s\000\040\000L\000i\000s\000t}{chapter.2}% 4
\BOOKMARK [0][-]{chapter.3}{\376\377\000F\000i\000l\000e\000\040\000I\000n\000d\000e\000x}{}% 5
\BOOKMARK [1][-]{section.3.1}{\376\377\000F\000i\000l\000e\000\040\000L\000i\000s\000t}{chapter.3}% 6
\BOOKMARK [0][-]{chapter.4}{\376\377\000N\000a\000m\000e\000s\000p\000a\000c\000e\000\040\000D\000o\000c\000u\000m\000e\000n\000t\000a\000t\000i\000o\000n}{}% 7
\BOOKMARK [1][-]{section.4.1}{\376\377\000p\000c\000m\000\040\000N\000a\000m\000e\000s\000p\000a\000c\000e\000\040\000R\000e\000f\000e\000r\000e\000n\000c\000e}{chapter.4}% 8
\BOOKMARK [2][-]{subsection.4.1.1}{\376\377\000F\000u\000n\000c\000t\000i\000o\000n\000\040\000D\000o\000c\000u\000m\000e\000n\000t\000a\000t\000i\000o\000n}{section.4.1}% 9
\BOOKMARK [3][-]{subsubsection.4.1.1.1}{\376\377\000t\000r\000e\000e}{subsection.4.1.1}% 10
\BOOKMARK [2][-]{subsection.4.1.2}{\376\377\000V\000a\000r\000i\000a\000b\000l\000e\000\040\000D\000o\000c\000u\000m\000e\000n\000t\000a\000t\000i\000o\000n}{section.4.1}% 11
\BOOKMARK [3][-]{subsubsection.4.1.2.1}{\376\377\000n\000e}{subsection.4.1.2}% 12
\BOOKMARK [3][-]{subsubsection.4.1.2.2}{\376\377\000s\000o\000r}{subsection.4.1.2}% 13
\BOOKMARK [1][-]{section.4.2}{\376\377\000p\000c\000p\000\040\000N\000a\000m\000e\000s\000p\000a\000c\000e\000\040\000R\000e\000f\000e\000r\000e\000n\000c\000e}{chapter.4}% 14
\BOOKMARK [1][-]{section.4.3}{\376\377\000s\000r\000v\000m\000\040\000N\000a\000m\000e\000s\000p\000a\000c\000e\000\040\000R\000e\000f\000e\000r\000e\000n\000c\000e}{chapter.4}% 15
\BOOKMARK [2][-]{subsection.4.3.1}{\376\377\000F\000u\000n\000c\000t\000i\000o\000n\000\040\000D\000o\000c\000u\000m\000e\000n\000t\000a\000t\000i\000o\000n}{section.4.3}% 16
\BOOKMARK [3][-]{subsubsection.4.3.1.1}{\376\377\000D\000E\000F\000A\000U\000L\000T\000\137\000S\000E\000R\000V\000I\000C\000E\000\137\000V\000E\000C\000\137\000P\000A\000R\000A\000M\000E\000T\000E\000R\000\137\000R\000E\000Q\000U\000E\000S\000T}{subsection.4.3.1}% 17
\BOOKMARK [3][-]{subsubsection.4.3.1.2}{\376\377\000g\000e\000t\0003\000D\000A\000r\000r\000a\000y}{subsection.4.3.1}% 18
\BOOKMARK [3][-]{subsubsection.4.3.1.3}{\376\377\000g\000e\000t\000A\000r\000r\000a\000y\000T\000o\000P\000r\000i\000n\000t}{subsection.4.3.1}% 19
\BOOKMARK [3][-]{subsubsection.4.3.1.4}{\376\377\000g\000e\000t\000B\000o\000o\000l\000P\000a\000r\000a\000m\000e\000t\000e\000r}{subsection.4.3.1}% 20
\BOOKMARK [3][-]{subsubsection.4.3.1.5}{\376\377\000g\000e\000t\000B\000o\000o\000l\000P\000t\000r\000P\000a\000r\000a\000m\000e\000t\000e\000r}{subsection.4.3.1}% 21
\BOOKMARK [3][-]{subsubsection.4.3.1.6}{\376\377\000g\000e\000t\000F\000l\000a\000g\000V\000a\000l\000u\000e\000T\000o\000P\000r\000i\000n\000t}{subsection.4.3.1}% 22
\BOOKMARK [3][-]{subsubsection.4.3.1.7}{\376\377\000g\000e\000t\000P\000a\000t\000h\000P\000a\000r\000a\000m\000e\000t\000e\000r}{subsection.4.3.1}% 23
\BOOKMARK [3][-]{subsubsection.4.3.1.8}{\376\377\000g\000e\000t\000P\000a\000t\000h\000P\000t\000r\000P\000a\000r\000a\000m\000e\000t\000e\000r}{subsection.4.3.1}% 24
\BOOKMARK [3][-]{subsubsection.4.3.1.9}{\376\377\000g\000e\000t\000S\000e\000r\000v\000i\000c\000e\0003\000D\000A\000r\000r\000a\000y\000P\000a\000r\000a\000m\000e\000t\000e\000r}{subsection.4.3.1}% 25
\BOOKMARK [3][-]{subsubsection.4.3.1.10}{\376\377\000g\000e\000t\000S\000e\000r\000v\000i\000c\000e\0003\000D\000A\000r\000r\000a\000y\000P\000a\000r\000a\000m\000e\000t\000e\000r}{subsection.4.3.1}% 26
\BOOKMARK [3][-]{subsubsection.4.3.1.11}{\376\377\000g\000e\000t\000S\000e\000r\000v\000i\000c\000e\000F\000l\000o\000a\000t\000P\000a\000r\000a\000m\000e\000t\000e\000r}{subsection.4.3.1}% 27
\BOOKMARK [3][-]{subsubsection.4.3.1.12}{\376\377\000g\000e\000t\000S\000e\000r\000v\000i\000c\000e\000I\000n\000t\000P\000a\000r\000a\000m\000e\000t\000e\000r}{subsection.4.3.1}% 28
\BOOKMARK [3][-]{subsubsection.4.3.1.13}{\376\377\000g\000e\000t\000S\000e\000r\000v\000i\000c\000e\000S\000t\000r\000i\000n\000g\000P\000a\000r\000a\000m\000e\000t\000e\000r}{subsection.4.3.1}% 29
\BOOKMARK [3][-]{subsubsection.4.3.1.14}{\376\377\000g\000e\000t\000S\000t\000r\000i\000n\000g\000P\000a\000r\000a\000m\000e\000t\000e\000r}{subsection.4.3.1}% 30
\BOOKMARK [3][-]{subsubsection.4.3.1.15}{\376\377\000g\000e\000t\000S\000t\000r\000i\000n\000g\000P\000t\000r\000P\000a\000r\000a\000m\000e\000t\000e\000r}{subsection.4.3.1}% 31
\BOOKMARK [2][-]{subsection.4.3.2}{\376\377\000V\000a\000r\000i\000a\000b\000l\000e\000\040\000D\000o\000c\000u\000m\000e\000n\000t\000a\000t\000i\000o\000n}{section.4.3}% 32
\BOOKMARK [3][-]{subsubsection.4.3.2.1}{\376\377\000D\000E\000F\000A\000U\000L\000T\000\137\000I\000N\000P\000U\000T\000\137\000P\000A\000R\000A\000M\000\137\000C\000E\000N\000T\000R\000O\000I\000D\000\137\000L\000O\000G\000\137\000F\000I\000L\000E}{subsection.4.3.2}% 33
\BOOKMARK [3][-]{subsubsection.4.3.2.2}{\376\377\000D\000E\000F\000A\000U\000L\000T\000\137\000I\000N\000P\000U\000T\000\137\000P\000A\000R\000A\000M\000\137\000R\000A\000W\000\137\000C\000L\000O\000U\000D\000\137\000T\000O\000P\000I\000C}{subsection.4.3.2}% 34
\BOOKMARK [3][-]{subsubsection.4.3.2.3}{\376\377\000D\000E\000F\000A\000U\000L\000T\000\137\000I\000N\000P\000U\000T\000\137\000P\000A\000R\000A\000M\000\137\000S\000H\000O\000W\000\137\000C\000L\000U\000S\000T\000E\000R\000S}{subsection.4.3.2}% 35
\BOOKMARK [3][-]{subsubsection.4.3.2.4}{\376\377\000D\000E\000F\000A\000U\000L\000T\000\137\000I\000N\000P\000U\000T\000\137\000P\000A\000R\000A\000M\000\137\000S\000H\000O\000W\000\137\000O\000B\000J\000E\000C\000T\000\137\000O\000N\000\137\000S\000U\000P\000P\000O\000R\000T}{subsection.4.3.2}% 36
\BOOKMARK [3][-]{subsubsection.4.3.2.5}{\376\377\000D\000E\000F\000A\000U\000L\000T\000\137\000I\000N\000P\000U\000T\000\137\000P\000A\000R\000A\000M\000\137\000S\000H\000O\000W\000\137\000O\000R\000I\000G\000I\000N\000A\000L\000\137\000C\000L\000O\000U\000D}{subsection.4.3.2}% 37
\BOOKMARK [3][-]{subsubsection.4.3.2.6}{\376\377\000D\000E\000F\000A\000U\000L\000T\000\137\000I\000N\000P\000U\000T\000\137\000P\000A\000R\000A\000M\000\137\000S\000H\000O\000W\000\137\000S\000U\000P\000P\000O\000R\000T\000S}{subsection.4.3.2}% 38
\BOOKMARK [3][-]{subsubsection.4.3.2.7}{\376\377\000D\000E\000F\000A\000U\000L\000T\000\137\000P\000A\000R\000A\000M\000\137\000A\000R\000M\000\137\000S\000R\000V\000\137\000C\000A\000M\000E\000R\000A\000\137\000F\000R\000A\000M\000E}{subsection.4.3.2}% 39
\BOOKMARK [3][-]{subsubsection.4.3.2.8}{\376\377\000D\000E\000F\000A\000U\000L\000T\000\137\000P\000A\000R\000A\000M\000\137\000A\000R\000M\000\137\000S\000R\000V\000\137\000L\000E\000F\000T\000\137\000E\000L\000B\000O\000W\000\137\000F\000R\000A\000M\000E}{subsection.4.3.2}% 40
\BOOKMARK [3][-]{subsubsection.4.3.2.9}{\376\377\000D\000E\000F\000A\000U\000L\000T\000\137\000P\000A\000R\000A\000M\000\137\000A\000R\000M\000\137\000S\000R\000V\000\137\000L\000E\000F\000T\000\137\000F\000O\000R\000E\000A\000R\000M\000\137\000F\000R\000A\000M\000E}{subsection.4.3.2}% 41
\BOOKMARK [3][-]{subsubsection.4.3.2.10}{\376\377\000D\000E\000F\000A\000U\000L\000T\000\137\000P\000A\000R\000A\000M\000\137\000A\000R\000M\000\137\000S\000R\000V\000\137\000R\000I\000G\000H\000T\000\137\000E\000L\000B\000O\000W\000\137\000F\000R\000A\000M\000E}{subsection.4.3.2}% 42
\BOOKMARK [3][-]{subsubsection.4.3.2.11}{\376\377\000D\000E\000F\000A\000U\000L\000T\000\137\000P\000A\000R\000A\000M\000\137\000A\000R\000M\000\137\000S\000R\000V\000\137\000R\000I\000G\000H\000T\000\137\000F\000O\000R\000E\000A\000R\000M\000\137\000F\000R\000A\000M\000E}{subsection.4.3.2}% 43
\BOOKMARK [3][-]{subsubsection.4.3.2.12}{\376\377\000D\000E\000F\000A\000U\000L\000T\000\137\000P\000A\000R\000A\000M\000\137\000A\000R\000M\000\137\000S\000R\000V\000\137\000S\000H\000O\000W\000\137\000C\000L\000O\000U\000D\000S}{subsection.4.3.2}% 44
\BOOKMARK [3][-]{subsubsection.4.3.2.13}{\376\377\000D\000E\000F\000A\000U\000L\000T\000\137\000P\000A\000R\000A\000M\000\137\000I\000N\000P\000U\000T\000\137\000C\000L\000O\000U\000D\000\137\000R\000E\000F\000E\000R\000E\000N\000C\000E\000\137\000F\000R\000A\000M\000E}{subsection.4.3.2}% 45
\BOOKMARK [3][-]{subsubsection.4.3.2.14}{\376\377\000D\000E\000F\000A\000U\000L\000T\000\137\000P\000A\000R\000A\000M\000\137\000O\000U\000T\000P\000U\000T\000\137\000C\000L\000O\000U\000D\000\137\000R\000E\000F\000E\000R\000E\000N\000C\000E\000\137\000F\000R\000A\000M\000E}{subsection.4.3.2}% 46
\BOOKMARK [3][-]{subsubsection.4.3.2.15}{\376\377\000D\000E\000F\000A\000U\000L\000T\000\137\000S\000E\000R\000V\000I\000C\000E\000\137\000A\000R\000R\000A\000Y\000\137\000P\000A\000R\000A\000M\000E\000T\000E\000R\000\137\000R\000E\000Q\000U\000E\000S\000T}{subsection.4.3.2}% 47
\BOOKMARK [3][-]{subsubsection.4.3.2.16}{\376\377\000D\000E\000F\000A\000U\000L\000T\000\137\000S\000E\000R\000V\000I\000C\000E\000\137\000P\000A\000R\000A\000M\000E\000T\000E\000R\000\137\000R\000E\000Q\000U\000E\000S\000T}{subsection.4.3.2}% 48
\BOOKMARK [3][-]{subsubsection.4.3.2.17}{\376\377\000D\000E\000F\000A\000U\000L\000T\000\137\000S\000E\000R\000V\000I\000C\000E\000\137\000P\000A\000R\000A\000M\000E\000T\000E\000R\000\137\000R\000E\000Q\000U\000E\000S\000T\000\137\000F}{subsection.4.3.2}% 49
\BOOKMARK [3][-]{subsubsection.4.3.2.18}{\376\377\000D\000E\000F\000A\000U\000L\000T\000\137\000S\000Y\000M\000B\000O\000L}{subsection.4.3.2}% 50
\BOOKMARK [3][-]{subsubsection.4.3.2.19}{\376\377\000D\000E\000F\000A\000U\000L\000T\000\137\000T\000F\000\137\000W\000A\000I\000T\000\137\000S\000E\000C\000O\000N\000D\000S}{subsection.4.3.2}% 51
\BOOKMARK [3][-]{subsubsection.4.3.2.20}{\376\377\000P\000A\000R\000A\000M\000\137\000N\000A\000M\000E\000\137\000A\000R\000M\000\137\000S\000R\000V\000\137\000M\000A\000X\000\137\000E\000L\000B\000O\000W\000\137\000B\000O\000X}{subsection.4.3.2}% 52
\BOOKMARK [3][-]{subsubsection.4.3.2.21}{\376\377\000P\000A\000R\000A\000M\000\137\000N\000A\000M\000E\000\137\000A\000R\000M\000\137\000S\000R\000V\000\137\000M\000A\000X\000\137\000F\000O\000R\000E\000A\000R\000M\000\137\000B\000O\000X}{subsection.4.3.2}% 53
\BOOKMARK [3][-]{subsubsection.4.3.2.22}{\376\377\000P\000A\000R\000A\000M\000\137\000N\000A\000M\000E\000\137\000A\000R\000M\000\137\000S\000R\000V\000\137\000M\000I\000N\000\137\000E\000L\000B\000O\000W\000\137\000B\000O\000X}{subsection.4.3.2}% 54
\BOOKMARK [3][-]{subsubsection.4.3.2.23}{\376\377\000P\000A\000R\000A\000M\000\137\000N\000A\000M\000E\000\137\000A\000R\000M\000\137\000S\000R\000V\000\137\000M\000I\000N\000\137\000F\000O\000R\000E\000A\000R\000M\000\137\000B\000O\000X}{subsection.4.3.2}% 55
\BOOKMARK [3][-]{subsubsection.4.3.2.24}{\376\377\000P\000A\000R\000A\000M\000\137\000N\000A\000M\000E\000\137\000C\000L\000U\000S\000T\000E\000R\000\137\000M\000A\000X\000\137\000R\000A\000T\000E}{subsection.4.3.2}% 56
\BOOKMARK [3][-]{subsubsection.4.3.2.25}{\376\377\000P\000A\000R\000A\000M\000\137\000N\000A\000M\000E\000\137\000C\000L\000U\000S\000T\000E\000R\000\137\000M\000I\000N\000\137\000I\000N\000P\000U\000T\000\137\000S\000I\000Z\000E}{subsection.4.3.2}% 57
\BOOKMARK [3][-]{subsubsection.4.3.2.26}{\376\377\000P\000A\000R\000A\000M\000\137\000N\000A\000M\000E\000\137\000C\000L\000U\000S\000T\000E\000R\000\137\000M\000I\000N\000\137\000R\000A\000T\000E}{subsection.4.3.2}% 58
\BOOKMARK [3][-]{subsubsection.4.3.2.27}{\376\377\000P\000A\000R\000A\000M\000\137\000N\000A\000M\000E\000\137\000C\000L\000U\000S\000T\000E\000R\000\137\000T\000O\000L\000E\000R\000A\000N\000C\000E}{subsection.4.3.2}% 59
\BOOKMARK [3][-]{subsubsection.4.3.2.28}{\376\377\000P\000A\000R\000A\000M\000\137\000N\000A\000M\000E\000\137\000C\000O\000N\000E\000\137\000D\000I\000S\000T\000A\000N\000C\000E\000\137\000T\000H}{subsection.4.3.2}% 60
\BOOKMARK [3][-]{subsubsection.4.3.2.29}{\376\377\000P\000A\000R\000A\000M\000\137\000N\000A\000M\000E\000\137\000C\000O\000N\000E\000\137\000E\000P\000S\000\137\000A\000N\000G\000L\000E\000\137\000T\000H}{subsection.4.3.2}% 61
\BOOKMARK [3][-]{subsubsection.4.3.2.30}{\376\377\000P\000A\000R\000A\000M\000\137\000N\000A\000M\000E\000\137\000C\000O\000N\000E\000\137\000M\000A\000X\000\137\000I\000T\000E\000R\000A\000T\000I\000O\000N\000\137\000L\000I\000M\000I\000T}{subsection.4.3.2}% 62
\BOOKMARK [3][-]{subsubsection.4.3.2.31}{\376\377\000P\000A\000R\000A\000M\000\137\000N\000A\000M\000E\000\137\000C\000O\000N\000E\000\137\000M\000A\000X\000\137\000O\000P\000E\000N\000I\000N\000G\000\137\000A\000N\000G\000L\000E\000\137\000D\000E\000G\000R\000E\000E}{subsection.4.3.2}% 63
\BOOKMARK [3][-]{subsubsection.4.3.2.32}{\376\377\000P\000A\000R\000A\000M\000\137\000N\000A\000M\000E\000\137\000C\000O\000N\000E\000\137\000M\000A\000X\000\137\000R\000A\000D\000I\000U\000S\000\137\000L\000I\000M\000I\000T}{subsection.4.3.2}% 64
\BOOKMARK [3][-]{subsubsection.4.3.2.33}{\376\377\000P\000A\000R\000A\000M\000\137\000N\000A\000M\000E\000\137\000C\000O\000N\000E\000\137\000M\000I\000N\000\137\000I\000N\000L\000I\000E\000R\000S}{subsection.4.3.2}% 65
\BOOKMARK [3][-]{subsubsection.4.3.2.34}{\376\377\000P\000A\000R\000A\000M\000\137\000N\000A\000M\000E\000\137\000C\000O\000N\000E\000\137\000M\000I\000N\000\137\000O\000P\000E\000N\000I\000N\000G\000\137\000A\000N\000G\000L\000E\000\137\000D\000E\000G\000R\000E\000E}{subsection.4.3.2}% 66
\BOOKMARK [3][-]{subsubsection.4.3.2.35}{\376\377\000P\000A\000R\000A\000M\000\137\000N\000A\000M\000E\000\137\000C\000O\000N\000E\000\137\000M\000I\000N\000\137\000R\000A\000D\000I\000U\000S\000\137\000L\000I\000M\000I\000T}{subsection.4.3.2}% 67
\BOOKMARK [3][-]{subsubsection.4.3.2.36}{\376\377\000P\000A\000R\000A\000M\000\137\000N\000A\000M\000E\000\137\000C\000O\000N\000E\000\137\000N\000O\000R\000M\000A\000L\000\137\000D\000I\000S\000T\000A\000N\000C\000E\000\137\000W\000E\000I\000G\000H\000T}{subsection.4.3.2}% 68
\BOOKMARK [3][-]{subsubsection.4.3.2.37}{\376\377\000P\000A\000R\000A\000M\000\137\000N\000A\000M\000E\000\137\000C\000Y\000L\000I\000N\000D\000E\000R\000\137\000D\000I\000S\000T\000A\000N\000C\000E\000\137\000T\000H}{subsection.4.3.2}% 69
\BOOKMARK [3][-]{subsubsection.4.3.2.38}{\376\377\000P\000A\000R\000A\000M\000\137\000N\000A\000M\000E\000\137\000C\000Y\000L\000I\000N\000D\000E\000R\000\137\000E\000P\000S\000\137\000A\000N\000G\000L\000E\000\137\000T\000H}{subsection.4.3.2}% 70
\BOOKMARK [3][-]{subsubsection.4.3.2.39}{\376\377\000P\000A\000R\000A\000M\000\137\000N\000A\000M\000E\000\137\000C\000Y\000L\000I\000N\000D\000E\000R\000\137\000M\000A\000X\000\137\000I\000T\000E\000R\000A\000T\000I\000O\000N\000\137\000L\000I\000M\000I\000T}{subsection.4.3.2}% 71
\BOOKMARK [3][-]{subsubsection.4.3.2.40}{\376\377\000P\000A\000R\000A\000M\000\137\000N\000A\000M\000E\000\137\000C\000Y\000L\000I\000N\000D\000E\000R\000\137\000M\000A\000X\000\137\000O\000P\000E\000N\000I\000N\000G\000\137\000A\000N\000G\000L\000E\000\137\000D\000E\000G\000R\000E\000E}{subsection.4.3.2}% 72
\BOOKMARK [3][-]{subsubsection.4.3.2.41}{\376\377\000P\000A\000R\000A\000M\000\137\000N\000A\000M\000E\000\137\000C\000Y\000L\000I\000N\000D\000E\000R\000\137\000M\000A\000X\000\137\000R\000A\000D\000I\000U\000S\000\137\000L\000I\000M\000I\000T}{subsection.4.3.2}% 73
\BOOKMARK [3][-]{subsubsection.4.3.2.42}{\376\377\000P\000A\000R\000A\000M\000\137\000N\000A\000M\000E\000\137\000C\000Y\000L\000I\000N\000D\000E\000R\000\137\000M\000I\000N\000\137\000I\000N\000L\000I\000E\000R\000S}{subsection.4.3.2}% 74
\BOOKMARK [3][-]{subsubsection.4.3.2.43}{\376\377\000P\000A\000R\000A\000M\000\137\000N\000A\000M\000E\000\137\000C\000Y\000L\000I\000N\000D\000E\000R\000\137\000M\000I\000N\000\137\000O\000P\000E\000N\000I\000N\000G\000\137\000A\000N\000G\000L\000E\000\137\000D\000E\000G\000R\000E\000E}{subsection.4.3.2}% 75
\BOOKMARK [3][-]{subsubsection.4.3.2.44}{\376\377\000P\000A\000R\000A\000M\000\137\000N\000A\000M\000E\000\137\000C\000Y\000L\000I\000N\000D\000E\000R\000\137\000M\000I\000N\000\137\000R\000A\000D\000I\000U\000S\000\137\000L\000I\000M\000I\000T}{subsection.4.3.2}% 76
\BOOKMARK [3][-]{subsubsection.4.3.2.45}{\376\377\000P\000A\000R\000A\000M\000\137\000N\000A\000M\000E\000\137\000C\000Y\000L\000I\000N\000D\000E\000R\000\137\000N\000O\000R\000M\000A\000L\000\137\000D\000I\000S\000T\000A\000N\000C\000E\000\137\000W\000E\000I\000G\000H\000T}{subsection.4.3.2}% 77
\BOOKMARK [3][-]{subsubsection.4.3.2.46}{\376\377\000P\000A\000R\000A\000M\000\137\000N\000A\000M\000E\000\137\000D\000E\000E\000P\000\137\000S\000R\000V\000\137\000Z\000\137\000T\000H\000R\000E\000S\000H\000O\000L\000D}{subsection.4.3.2}% 78
\BOOKMARK [3][-]{subsubsection.4.3.2.47}{\376\377\000P\000A\000R\000A\000M\000\137\000N\000A\000M\000E\000\137\000H\000O\000R\000I\000Z\000O\000N\000T\000A\000L\000\137\000A\000X\000I\000S}{subsection.4.3.2}% 79
\BOOKMARK [3][-]{subsubsection.4.3.2.48}{\376\377\000P\000A\000R\000A\000M\000\137\000N\000A\000M\000E\000\137\000H\000O\000R\000I\000Z\000O\000N\000T\000A\000L\000\137\000V\000A\000R\000I\000A\000N\000C\000E\000\137\000T\000H\000R\000E\000S\000H\000O\000L\000D}{subsection.4.3.2}% 80
\BOOKMARK [3][-]{subsubsection.4.3.2.49}{\376\377\000P\000A\000R\000A\000M\000\137\000N\000A\000M\000E\000\137\000I\000N\000P\000U\000T\000\137\000C\000L\000O\000U\000D\000\137\000R\000E\000F\000E\000R\000E\000N\000C\000E\000\137\000F\000R\000A\000M\000E}{subsection.4.3.2}% 81
\BOOKMARK [3][-]{subsubsection.4.3.2.50}{\376\377\000P\000A\000R\000A\000M\000\137\000N\000A\000M\000E\000\137\000M\000I\000N\000\137\000I\000T\000E\000R\000A\000T\000I\000V\000E\000\137\000C\000L\000O\000U\000D\000\137\000P\000E\000R\000C\000E\000N\000T\000A\000G\000E}{subsection.4.3.2}% 82
\BOOKMARK [3][-]{subsubsection.4.3.2.51}{\376\377\000P\000A\000R\000A\000M\000\137\000N\000A\000M\000E\000\137\000M\000I\000N\000\137\000I\000T\000E\000R\000A\000T\000I\000V\000E\000\137\000S\000U\000P\000P\000O\000R\000T\000\137\000P\000E\000R\000C\000E\000N\000T\000A\000G\000E}{subsection.4.3.2}% 83
\BOOKMARK [3][-]{subsubsection.4.3.2.52}{\376\377\000P\000A\000R\000A\000M\000\137\000N\000A\000M\000E\000\137\000O\000U\000T\000P\000U\000T\000\137\000C\000L\000O\000U\000D\000\137\000R\000E\000F\000E\000R\000E\000N\000C\000E\000\137\000F\000R\000A\000M\000E}{subsection.4.3.2}% 84
\BOOKMARK [3][-]{subsubsection.4.3.2.53}{\376\377\000P\000A\000R\000A\000M\000\137\000N\000A\000M\000E\000\137\000P\000L\000A\000N\000E\000\137\000D\000I\000S\000T\000A\000N\000C\000E\000\137\000T\000H}{subsection.4.3.2}% 85
\BOOKMARK [3][-]{subsubsection.4.3.2.54}{\376\377\000P\000A\000R\000A\000M\000\137\000N\000A\000M\000E\000\137\000P\000L\000A\000N\000E\000\137\000E\000P\000S\000\137\000A\000N\000G\000L\000E\000\137\000T\000H}{subsection.4.3.2}% 86
\BOOKMARK [3][-]{subsubsection.4.3.2.55}{\376\377\000P\000A\000R\000A\000M\000\137\000N\000A\000M\000E\000\137\000P\000L\000A\000N\000E\000\137\000M\000A\000X\000\137\000I\000T\000E\000R\000A\000T\000I\000O\000N\000\137\000L\000I\000M\000I\000T}{subsection.4.3.2}% 87
\BOOKMARK [3][-]{subsubsection.4.3.2.56}{\376\377\000P\000A\000R\000A\000M\000\137\000N\000A\000M\000E\000\137\000P\000L\000A\000N\000E\000\137\000M\000A\000X\000\137\000O\000P\000E\000N\000I\000N\000G\000\137\000A\000N\000G\000L\000E\000\137\000D\000E\000G\000R\000E\000E}{subsection.4.3.2}% 88
\BOOKMARK [3][-]{subsubsection.4.3.2.57}{\376\377\000P\000A\000R\000A\000M\000\137\000N\000A\000M\000E\000\137\000P\000L\000A\000N\000E\000\137\000M\000I\000N\000\137\000I\000N\000L\000I\000E\000R\000S}{subsection.4.3.2}% 89
\BOOKMARK [3][-]{subsubsection.4.3.2.58}{\376\377\000P\000A\000R\000A\000M\000\137\000N\000A\000M\000E\000\137\000P\000L\000A\000N\000E\000\137\000M\000I\000N\000\137\000O\000P\000E\000N\000I\000N\000G\000\137\000A\000N\000G\000L\000E\000\137\000D\000E\000G\000R\000E\000E}{subsection.4.3.2}% 90
\BOOKMARK [3][-]{subsubsection.4.3.2.59}{\376\377\000P\000A\000R\000A\000M\000\137\000N\000A\000M\000E\000\137\000P\000L\000A\000N\000E\000\137\000N\000O\000R\000M\000A\000L\000\137\000D\000I\000S\000T\000A\000N\000C\000E\000\137\000W\000E\000I\000G\000H\000T}{subsection.4.3.2}% 91
\BOOKMARK [3][-]{subsubsection.4.3.2.60}{\376\377\000P\000A\000R\000A\000M\000\137\000N\000A\000M\000E\000\137\000R\000A\000N\000S\000A\000C\000\137\000I\000N\000\137\000S\000H\000A\000P\000E\000\137\000D\000I\000S\000T\000A\000N\000C\000E\000\137\000P\000O\000I\000N\000T\000\137\000T\000H\000R\000E\000S\000H\000O\000L\000D}{subsection.4.3.2}% 92
\BOOKMARK [3][-]{subsubsection.4.3.2.61}{\376\377\000P\000A\000R\000A\000M\000\137\000N\000A\000M\000E\000\137\000R\000A\000N\000S\000A\000C\000\137\000M\000A\000X\000\137\000I\000T\000E\000R\000A\000T\000I\000O\000N\000\137\000T\000H\000R\000E\000S\000H\000O\000L\000D}{subsection.4.3.2}% 93
\BOOKMARK [3][-]{subsubsection.4.3.2.62}{\376\377\000P\000A\000R\000A\000M\000\137\000N\000A\000M\000E\000\137\000R\000A\000N\000S\000A\000C\000\137\000M\000O\000D\000E\000L\000\137\000N\000O\000R\000M\000A\000L\000\137\000D\000I\000S\000T\000A\000N\000C\000E\000\137\000W\000E\000I\000G\000H\000T}{subsection.4.3.2}% 94
\BOOKMARK [3][-]{subsubsection.4.3.2.63}{\376\377\000P\000A\000R\000A\000M\000\137\000N\000A\000M\000E\000\137\000S\000P\000H\000E\000R\000E\000\137\000D\000I\000S\000T\000A\000N\000C\000E\000\137\000T\000H}{subsection.4.3.2}% 95
\BOOKMARK [3][-]{subsubsection.4.3.2.64}{\376\377\000P\000A\000R\000A\000M\000\137\000N\000A\000M\000E\000\137\000S\000P\000H\000E\000R\000E\000\137\000E\000P\000S\000\137\000A\000N\000G\000L\000E\000\137\000T\000H}{subsection.4.3.2}% 96
\BOOKMARK [3][-]{subsubsection.4.3.2.65}{\376\377\000P\000A\000R\000A\000M\000\137\000N\000A\000M\000E\000\137\000S\000P\000H\000E\000R\000E\000\137\000M\000A\000X\000\137\000I\000T\000E\000R\000A\000T\000I\000O\000N\000\137\000L\000I\000M\000I\000T}{subsection.4.3.2}% 97
\BOOKMARK [3][-]{subsubsection.4.3.2.66}{\376\377\000P\000A\000R\000A\000M\000\137\000N\000A\000M\000E\000\137\000S\000P\000H\000E\000R\000E\000\137\000M\000A\000X\000\137\000O\000P\000E\000N\000I\000N\000G\000\137\000A\000N\000G\000L\000E\000\137\000D\000E\000G\000R\000E\000E}{subsection.4.3.2}% 98
\BOOKMARK [3][-]{subsubsection.4.3.2.67}{\376\377\000P\000A\000R\000A\000M\000\137\000N\000A\000M\000E\000\137\000S\000P\000H\000E\000R\000E\000\137\000M\000A\000X\000\137\000R\000A\000D\000I\000U\000S\000\137\000L\000I\000M\000I\000T}{subsection.4.3.2}% 99
\BOOKMARK [3][-]{subsubsection.4.3.2.68}{\376\377\000P\000A\000R\000A\000M\000\137\000N\000A\000M\000E\000\137\000S\000P\000H\000E\000R\000E\000\137\000M\000I\000N\000\137\000I\000N\000L\000I\000E\000R\000S}{subsection.4.3.2}% 100
\BOOKMARK [3][-]{subsubsection.4.3.2.69}{\376\377\000P\000A\000R\000A\000M\000\137\000N\000A\000M\000E\000\137\000S\000P\000H\000E\000R\000E\000\137\000M\000I\000N\000\137\000O\000P\000E\000N\000I\000N\000G\000\137\000A\000N\000G\000L\000E\000\137\000D\000E\000G\000R\000E\000E}{subsection.4.3.2}% 101
\BOOKMARK [3][-]{subsubsection.4.3.2.70}{\376\377\000P\000A\000R\000A\000M\000\137\000N\000A\000M\000E\000\137\000S\000P\000H\000E\000R\000E\000\137\000M\000I\000N\000\137\000R\000A\000D\000I\000U\000S\000\137\000L\000I\000M\000I\000T}{subsection.4.3.2}% 102
\BOOKMARK [3][-]{subsubsection.4.3.2.71}{\376\377\000P\000A\000R\000A\000M\000\137\000N\000A\000M\000E\000\137\000S\000P\000H\000E\000R\000E\000\137\000N\000O\000R\000M\000A\000L\000\137\000D\000I\000S\000T\000A\000N\000C\000E\000\137\000W\000E\000I\000G\000H\000T}{subsection.4.3.2}% 103
\BOOKMARK [3][-]{subsubsection.4.3.2.72}{\376\377\000P\000A\000R\000A\000M\000\137\000N\000A\000M\000E\000\137\000S\000U\000P\000P\000O\000R\000T\000\137\000E\000D\000G\000E\000\137\000R\000E\000M\000O\000V\000E\000\137\000O\000F\000F\000S\000E\000T}{subsection.4.3.2}% 104
\BOOKMARK [3][-]{subsubsection.4.3.2.73}{\376\377\000S\000R\000V\000\137\000N\000A\000M\000E\000\137\000A\000R\000M\000\137\000F\000I\000L\000T\000E\000R}{subsection.4.3.2}% 105
\BOOKMARK [3][-]{subsubsection.4.3.2.74}{\376\377\000S\000R\000V\000\137\000N\000A\000M\000E\000\137\000C\000U\000S\000T\000E\000R\000\137\000F\000I\000L\000T\000E\000R}{subsection.4.3.2}% 106
\BOOKMARK [3][-]{subsubsection.4.3.2.75}{\376\377\000S\000R\000V\000\137\000N\000A\000M\000E\000\137\000D\000E\000E\000P\000\137\000F\000I\000L\000T\000E\000R}{subsection.4.3.2}% 107
\BOOKMARK [3][-]{subsubsection.4.3.2.76}{\376\377\000S\000R\000V\000\137\000N\000A\000M\000E\000\137\000R\000A\000N\000S\000A\000C\000\137\000C\000O\000N\000E\000\137\000F\000I\000L\000T\000E\000R}{subsection.4.3.2}% 108
\BOOKMARK [3][-]{subsubsection.4.3.2.77}{\376\377\000S\000R\000V\000\137\000N\000A\000M\000E\000\137\000R\000A\000N\000S\000A\000C\000\137\000C\000Y\000L\000I\000N\000D\000E\000R\000\137\000F\000I\000L\000T\000E\000R}{subsection.4.3.2}% 109
\BOOKMARK [3][-]{subsubsection.4.3.2.78}{\376\377\000S\000R\000V\000\137\000N\000A\000M\000E\000\137\000R\000A\000N\000S\000A\000C\000\137\000P\000L\000A\000N\000E\000\137\000F\000I\000L\000T\000E\000R}{subsection.4.3.2}% 110
\BOOKMARK [3][-]{subsubsection.4.3.2.79}{\376\377\000S\000R\000V\000\137\000N\000A\000M\000E\000\137\000R\000A\000N\000S\000A\000C\000\137\000S\000P\000H\000E\000R\000E\000\137\000F\000I\000L\000T\000E\000R}{subsection.4.3.2}% 111
\BOOKMARK [3][-]{subsubsection.4.3.2.80}{\376\377\000S\000R\000V\000\137\000N\000A\000M\000E\000\137\000S\000U\000P\000P\000O\000R\000T\000\137\000F\000I\000L\000T\000E\000R}{subsection.4.3.2}% 112
\BOOKMARK [3][-]{subsubsection.4.3.2.81}{\376\377\000T\000O\000P\000I\000C\000\137\000O\000U\000T\000\137\000N\000A\000M\000E\000\137\000O\000B\000J\000E\000C\000T\000\137\000P\000E\000R\000C\000E\000P\000T\000I\000O\000N}{subsection.4.3.2}% 113
\BOOKMARK [0][-]{chapter.5}{\376\377\000C\000l\000a\000s\000s\000\040\000D\000o\000c\000u\000m\000e\000n\000t\000a\000t\000i\000o\000n}{}% 114
\BOOKMARK [1][-]{section.5.1}{\376\377\000p\000c\000m\000:\000:\000P\000C\000M\000a\000n\000a\000g\000e\000r\000\040\000C\000l\000a\000s\000s\000\040\000R\000e\000f\000e\000r\000e\000n\000c\000e}{chapter.5}% 115
\BOOKMARK [2][-]{subsection.5.1.1}{\376\377\000D\000e\000t\000a\000i\000l\000e\000d\000\040\000D\000e\000s\000c\000r\000i\000p\000t\000i\000o\000n}{section.5.1}% 116
\BOOKMARK [2][-]{subsection.5.1.2}{\376\377\000C\000o\000n\000s\000t\000r\000u\000c\000t\000o\000r\000\040\000\046\000\040\000D\000e\000s\000t\000r\000u\000c\000t\000o\000r\000\040\000D\000o\000c\000u\000m\000e\000n\000t\000a\000t\000i\000o\000n}{section.5.1}% 117
\BOOKMARK [3][-]{subsubsection.5.1.2.1}{\376\377\000P\000C\000M\000a\000n\000a\000g\000e\000r}{subsection.5.1.2}% 118
\BOOKMARK [3][-]{subsubsection.5.1.2.2}{\376\377\000P\000C\000M\000a\000n\000a\000g\000e\000r}{subsection.5.1.2}% 119
\BOOKMARK [3][-]{subsubsection.5.1.2.3}{\376\377\000P\000C\000M\000a\000n\000a\000g\000e\000r}{subsection.5.1.2}% 120
\BOOKMARK [2][-]{subsection.5.1.3}{\376\377\000M\000e\000m\000b\000e\000r\000\040\000F\000u\000n\000c\000t\000i\000o\000n\000\040\000D\000o\000c\000u\000m\000e\000n\000t\000a\000t\000i\000o\000n}{section.5.1}% 121
\BOOKMARK [3][-]{subsubsection.5.1.3.1}{\376\377\000a\000d\000d\000P\000r\000i\000m\000i\000t\000i\000v\000e\000S\000h\000a\000p\000e}{subsection.5.1.3}% 122
\BOOKMARK [3][-]{subsubsection.5.1.3.2}{\376\377\000c\000l\000e\000a\000r\000P\000t\000i\000m\000i\000t\000i\000v\000e\000S\000h\000a\000p\000e}{subsection.5.1.3}% 123
\BOOKMARK [3][-]{subsubsection.5.1.3.3}{\376\377\000c\000l\000e\000a\000r\000V\000i\000s\000o\000r}{subsection.5.1.3}% 124
\BOOKMARK [3][-]{subsubsection.5.1.3.4}{\376\377\000c\000l\000o\000u\000d\000F\000o\000r\000R\000o\000s\000M\000s\000g}{subsection.5.1.3}% 125
\BOOKMARK [3][-]{subsubsection.5.1.3.5}{\376\377\000c\000l\000o\000u\000d\000F\000o\000r\000R\000o\000s\000M\000s\000g}{subsection.5.1.3}% 126
\BOOKMARK [3][-]{subsubsection.5.1.3.6}{\376\377\000c\000l\000o\000u\000d\000T\000o\000R\000o\000s\000M\000s\000g}{subsection.5.1.3}% 127
\BOOKMARK [3][-]{subsubsection.5.1.3.7}{\376\377\000c\000o\000e\000f\000f\000i\000c\000i\000e\000n\000t\000T\000o\000V\000e\000c\000t\000o\000r\000M\000s\000g}{subsection.5.1.3}% 128
\BOOKMARK [3][-]{subsubsection.5.1.3.8}{\376\377\000c\000o\000p\000y\000C\000l\000o\000u\000d}{subsection.5.1.3}% 129
\BOOKMARK [3][-]{subsubsection.5.1.3.9}{\376\377\000c\000o\000p\000y\000C\000o\000e\000f\000f\000i\000c\000i\000e\000n\000t\000s}{subsection.5.1.3}% 130
\BOOKMARK [3][-]{subsubsection.5.1.3.10}{\376\377\000c\000o\000p\000y\000N\000o\000r\000m\000a\000l\000s}{subsection.5.1.3}% 131
\BOOKMARK [3][-]{subsubsection.5.1.3.11}{\376\377\000c\000r\000e\000a\000t\000e\000V\000i\000s\000o\000r}{subsection.5.1.3}% 132
\BOOKMARK [3][-]{subsubsection.5.1.3.12}{\376\377\000d\000o\000w\000n\000S\000a\000m\000p\000l\000i\000n\000g}{subsection.5.1.3}% 133
\BOOKMARK [3][-]{subsubsection.5.1.3.13}{\376\377\000d\000o\000w\000n\000S\000a\000m\000p\000l\000i\000n\000g}{subsection.5.1.3}% 134
\BOOKMARK [3][-]{subsubsection.5.1.3.14}{\376\377\000d\000o\000w\000n\000S\000a\000m\000p\000l\000i\000n\000g}{subsection.5.1.3}% 135
\BOOKMARK [3][-]{subsubsection.5.1.3.15}{\376\377\000e\000s\000t\000i\000m\000a\000t\000e\000N\000o\000r\000m\000a\000l}{subsection.5.1.3}% 136
\BOOKMARK [3][-]{subsubsection.5.1.3.16}{\376\377\000e\000s\000t\000i\000m\000a\000t\000e\000N\000o\000r\000m\000a\000l}{subsection.5.1.3}% 137
\BOOKMARK [3][-]{subsubsection.5.1.3.17}{\376\377\000g\000e\000t\000C\000l\000o\000u\000d\000F\000r\000o\000m\000I\000d\000x}{subsection.5.1.3}% 138
\BOOKMARK [3][-]{subsubsection.5.1.3.18}{\376\377\000g\000e\000t\000C\000l\000o\000u\000d\000F\000r\000o\000m\000I\000d\000x}{subsection.5.1.3}% 139
\BOOKMARK [3][-]{subsubsection.5.1.3.19}{\376\377\000g\000e\000t\000F\000o\000m\000r\000a\000t\000t\000e\000d\000D\000a\000t\000a}{subsection.5.1.3}% 140
\BOOKMARK [3][-]{subsubsection.5.1.3.20}{\376\377\000g\000e\000t\000O\000r\000i\000g\000i\000n\000a\000l\000C\000l\000o\000u\000d}{subsection.5.1.3}% 141
\BOOKMARK [3][-]{subsubsection.5.1.3.21}{\376\377\000g\000e\000t\000O\000r\000i\000g\000i\000n\000a\000l\000C\000l\000o\000u\000d\000R\000o\000s\000M\000s\000g}{subsection.5.1.3}% 142
\BOOKMARK [3][-]{subsubsection.5.1.3.22}{\376\377\000g\000e\000t\000O\000r\000i\000g\000i\000n\000a\000l\000N\000o\000r\000m\000a\000l}{subsection.5.1.3}% 143
\BOOKMARK [3][-]{subsubsection.5.1.3.23}{\376\377\000g\000e\000t\000O\000r\000i\000g\000i\000n\000a\000l\000N\000o\000r\000m\000a\000l\000R\000o\000s\000M\000s\000g}{subsection.5.1.3}% 144
\BOOKMARK [3][-]{subsubsection.5.1.3.24}{\376\377\000g\000e\000t\000P\000r\000i\000m\000i\000t\000i\000v\000e\000S\000h\000a\000p\000e}{subsection.5.1.3}% 145
\BOOKMARK [3][-]{subsubsection.5.1.3.25}{\376\377\000g\000e\000t\000V\000i\000s\000o\000r}{subsection.5.1.3}% 146
\BOOKMARK [3][-]{subsubsection.5.1.3.26}{\376\377\000g\000e\000t\000V\000i\000s\000u\000a\000l\000i\000z\000a\000t\000i\000o\000n\000F\000l\000a\000g}{subsection.5.1.3}% 147
\BOOKMARK [3][-]{subsubsection.5.1.3.27}{\376\377\000i\000n\000i\000t\000i\000a\000l\000i\000z\000e}{subsection.5.1.3}% 148
\BOOKMARK [3][-]{subsubsection.5.1.3.28}{\376\377\000i\000n\000l\000i\000e\000r\000T\000o\000V\000e\000c\000t\000o\000r\000M\000s\000g}{subsection.5.1.3}% 149
\BOOKMARK [3][-]{subsubsection.5.1.3.29}{\376\377\000n\000o\000r\000m\000F\000o\000r\000R\000o\000s\000M\000s\000g}{subsection.5.1.3}% 150
\BOOKMARK [3][-]{subsubsection.5.1.3.30}{\376\377\000n\000o\000r\000m\000T\000o\000R\000o\000s\000M\000s\000g}{subsection.5.1.3}% 151
\BOOKMARK [3][-]{subsubsection.5.1.3.31}{\376\377\000s\000e\000t\000O\000r\000i\000g\000i\000n\000a\000l\000C\000l\000o\000u\000d}{subsection.5.1.3}% 152
\BOOKMARK [3][-]{subsubsection.5.1.3.32}{\376\377\000s\000e\000t\000O\000r\000i\000g\000i\000n\000a\000l\000C\000l\000o\000u\000d}{subsection.5.1.3}% 153
\BOOKMARK [3][-]{subsubsection.5.1.3.33}{\376\377\000s\000e\000t\000O\000r\000i\000g\000i\000n\000a\000l\000C\000l\000o\000u\000d}{subsection.5.1.3}% 154
\BOOKMARK [3][-]{subsubsection.5.1.3.34}{\376\377\000s\000e\000t\000O\000r\000i\000g\000i\000n\000a\000l\000C\000l\000o\000u\000d}{subsection.5.1.3}% 155
\BOOKMARK [3][-]{subsubsection.5.1.3.35}{\376\377\000s\000e\000t\000V\000i\000s\000u\000a\000l\000i\000z\000a\000t\000i\000o\000n\000F\000l\000a\000g}{subsection.5.1.3}% 156
\BOOKMARK [3][-]{subsubsection.5.1.3.36}{\376\377\000u\000p\000d\000a\000t\000e\000V\000i\000s\000o\000r}{subsection.5.1.3}% 157
\BOOKMARK [3][-]{subsubsection.5.1.3.37}{\376\377\000u\000p\000d\000a\000t\000e\000V\000i\000s\000o\000r}{subsection.5.1.3}% 158
\BOOKMARK [3][-]{subsubsection.5.1.3.38}{\376\377\000u\000p\000d\000a\000t\000e\000V\000i\000s\000o\000r}{subsection.5.1.3}% 159
\BOOKMARK [3][-]{subsubsection.5.1.3.39}{\376\377\000u\000p\000d\000a\000t\000e\000V\000i\000s\000o\000r}{subsection.5.1.3}% 160
\BOOKMARK [3][-]{subsubsection.5.1.3.40}{\376\377\000u\000p\000d\000a\000t\000e\000V\000i\000s\000o\000r}{subsection.5.1.3}% 161
\BOOKMARK [3][-]{subsubsection.5.1.3.41}{\376\377\000u\000p\000d\000a\000t\000e\000V\000i\000s\000o\000r}{subsection.5.1.3}% 162
\BOOKMARK [3][-]{subsubsection.5.1.3.42}{\376\377\000v\000i\000s\000u\000a\000l\000i\000z\000e}{subsection.5.1.3}% 163
\BOOKMARK [3][-]{subsubsection.5.1.3.43}{\376\377\000w\000r\000i\000t\000e\000T\000o\000F\000i\000l\000e}{subsection.5.1.3}% 164
\BOOKMARK [2][-]{subsection.5.1.4}{\376\377\000M\000e\000m\000b\000e\000r\000\040\000D\000a\000t\000a\000\040\000D\000o\000c\000u\000m\000e\000n\000t\000a\000t\000i\000o\000n}{section.5.1}% 165
\BOOKMARK [3][-]{subsubsection.5.1.4.1}{\376\377\000D\000E\000F\000A\000U\000L\000T\000\137\000C\000L\000O\000U\000D\000\137\000N\000A\000M\000E\000\137\000S\000U\000F\000F\000I\000X}{subsection.5.1.4}% 166
\BOOKMARK [3][-]{subsubsection.5.1.4.2}{\376\377\000D\000E\000F\000A\000U\000L\000T\000\137\000D\000O\000W\000S\000E\000A\000M\000P\000L\000I\000G\000\137\000R\000A\000T\000E}{subsection.5.1.4}% 167
\BOOKMARK [3][-]{subsubsection.5.1.4.3}{\376\377\000D\000E\000F\000A\000U\000L\000T\000\137\000N\000O\000R\000M\000\137\000L\000E\000V\000E\000L}{subsection.5.1.4}% 168
\BOOKMARK [3][-]{subsubsection.5.1.4.4}{\376\377\000D\000E\000F\000A\000U\000L\000T\000\137\000N\000O\000R\000M\000\137\000N\000A\000M\000E\000\137\000S\000U\000F\000F\000I\000X}{subsection.5.1.4}% 169
\BOOKMARK [3][-]{subsubsection.5.1.4.5}{\376\377\000D\000E\000F\000A\000U\000L\000T\000\137\000N\000O\000R\000M\000\137\000S\000C\000A\000L\000E}{subsection.5.1.4}% 170
\BOOKMARK [3][-]{subsubsection.5.1.4.6}{\376\377\000D\000E\000F\000A\000U\000L\000T\000\137\000N\000O\000R\000M\000\137\000S\000E\000A\000R\000C\000H}{subsection.5.1.4}% 171
\BOOKMARK [3][-]{subsubsection.5.1.4.7}{\376\377\000D\000E\000F\000A\000U\000L\000T\000\137\000O\000R\000I\000G\000I\000N\000A\000L\000\137\000C\000L\000O\000U\000D\000\137\000V\000I\000E\000W\000E\000R\000\137\000N\000A\000M\000E}{subsection.5.1.4}% 172
\BOOKMARK [3][-]{subsubsection.5.1.4.8}{\376\377\000D\000E\000F\000A\000U\000L\000T\000\137\000V\000I\000S\000U\000A\000L\000I\000Z\000A\000T\000I\000O\000N\000\137\000F\000L\000A\000G}{subsection.5.1.4}% 173
\BOOKMARK [3][-]{subsubsection.5.1.4.9}{\376\377\000D\000E\000F\000A\000U\000L\000T\000\137\000V\000I\000S\000U\000A\000L\000I\000Z\000E\000R\000\137\000T\000I\000T\000L\000E}{subsection.5.1.4}% 174
\BOOKMARK [3][-]{subsubsection.5.1.4.10}{\376\377\000o\000r\000i\000g\000i\000n\000a\000l\000C\000l\000o\000u\000d}{subsection.5.1.4}% 175
\BOOKMARK [3][-]{subsubsection.5.1.4.11}{\376\377\000o\000r\000i\000g\000i\000n\000a\000l\000N\000o\000r\000m\000s}{subsection.5.1.4}% 176
\BOOKMARK [3][-]{subsubsection.5.1.4.12}{\376\377\000p\000r\000i\000m\000i\000t\000i\000v\000e\000L\000i\000s\000t}{subsection.5.1.4}% 177
\BOOKMARK [3][-]{subsubsection.5.1.4.13}{\376\377\000v\000i\000s\000o\000r}{subsection.5.1.4}% 178
\BOOKMARK [3][-]{subsubsection.5.1.4.14}{\376\377\000v\000i\000s\000u\000a\000l\000i\000z\000a\000t\000i\000o\000n\000F\000l\000a\000g}{subsection.5.1.4}% 179
\BOOKMARK [3][-]{subsubsection.5.1.4.15}{\376\377\000V\000I\000S\000U\000A\000L\000I\000Z\000E\000R\000\137\000P\000O\000I\000N\000T\000\137\000S\000I\000Z\000E}{subsection.5.1.4}% 180
\BOOKMARK [3][-]{subsubsection.5.1.4.16}{\376\377\000V\000I\000S\000U\000A\000L\000I\000Z\000E\000R\000\137\000P\000O\000I\000N\000T\000\137\000S\000I\000Z\000E\000\137\000B\000I\000G}{subsection.5.1.4}% 181
\BOOKMARK [1][-]{section.5.2}{\376\377\000p\000c\000p\000:\000:\000P\000C\000P\000r\000i\000m\000i\000t\000i\000v\000e\000\040\000C\000l\000a\000s\000s\000\040\000R\000e\000f\000e\000r\000e\000n\000c\000e}{chapter.5}% 182
\BOOKMARK [2][-]{subsection.5.2.1}{\376\377\000D\000e\000t\000a\000i\000l\000e\000d\000\040\000D\000e\000s\000c\000r\000i\000p\000t\000i\000o\000n}{section.5.2}% 183
\BOOKMARK [2][-]{subsection.5.2.2}{\376\377\000C\000o\000n\000s\000t\000r\000u\000c\000t\000o\000r\000\040\000\046\000\040\000D\000e\000s\000t\000r\000u\000c\000t\000o\000r\000\040\000D\000o\000c\000u\000m\000e\000n\000t\000a\000t\000i\000o\000n}{section.5.2}% 184
\BOOKMARK [3][-]{subsubsection.5.2.2.1}{\376\377\000P\000C\000P\000r\000i\000m\000i\000t\000i\000v\000e}{subsection.5.2.2}% 185
\BOOKMARK [3][-]{subsubsection.5.2.2.2}{\376\377\000P\000C\000P\000r\000i\000m\000i\000t\000i\000v\000e}{subsection.5.2.2}% 186
\BOOKMARK [2][-]{subsection.5.2.3}{\376\377\000M\000e\000m\000b\000e\000r\000\040\000F\000u\000n\000c\000t\000i\000o\000n\000\040\000D\000o\000c\000u\000m\000e\000n\000t\000a\000t\000i\000o\000n}{section.5.2}% 187
\BOOKMARK [3][-]{subsubsection.5.2.3.1}{\376\377\000c\000o\000p\000y\000C\000o\000e\000f\000f\000i\000c\000i\000e\000n\000t\000s}{subsection.5.2.3}% 188
\BOOKMARK [3][-]{subsubsection.5.2.3.2}{\376\377\000g\000e\000t\000P\000r\000i\000m\000i\000t\000i\000v\000e\000C\000l\000o\000u\000d}{subsection.5.2.3}% 189
\BOOKMARK [3][-]{subsubsection.5.2.3.3}{\376\377\000g\000e\000t\000P\000r\000i\000m\000i\000t\000i\000v\000e\000N\000o\000r\000m\000a\000l}{subsection.5.2.3}% 190
\BOOKMARK [3][-]{subsubsection.5.2.3.4}{\376\377\000g\000e\000t\000S\000h\000a\000p\000e\000M\000a\000p\000i\000d\000x}{subsection.5.2.3}% 191
\BOOKMARK [3][-]{subsubsection.5.2.3.5}{\376\377\000g\000e\000t\000S\000h\000a\000p\000e\000N\000a\000m\000e}{subsection.5.2.3}% 192
\BOOKMARK [3][-]{subsubsection.5.2.3.6}{\376\377\000g\000e\000t\000V\000i\000s\000u\000a\000l\000i\000z\000a\000t\000i\000o\000n\000F\000l\000a\000g}{subsection.5.2.3}% 193
\BOOKMARK [3][-]{subsubsection.5.2.3.7}{\376\377\000g\000e\000t\000V\000i\000s\000u\000a\000l\000i\000z\000a\000t\000i\000o\000n\000N\000a\000m\000e}{subsection.5.2.3}% 194
\BOOKMARK [3][-]{subsubsection.5.2.3.8}{\376\377\000g\000e\000t\000V\000i\000s\000u\000a\000l\000i\000z\000a\000t\000i\000o\000n\000N\000a\000m\000e\000F\000r\000o\000m\000T\000a\000g}{subsection.5.2.3}% 195
\BOOKMARK [2][-]{subsection.5.2.4}{\376\377\000M\000e\000m\000b\000e\000r\000\040\000D\000a\000t\000a\000\040\000D\000o\000c\000u\000m\000e\000n\000t\000a\000t\000i\000o\000n}{section.5.2}% 196
\BOOKMARK [3][-]{subsubsection.5.2.4.1}{\376\377\000D\000E\000F\000A\000U\000L\000T\000\137\000S\000H\000A\000P\000E\000\137\000N\000A\000M\000E\000\137\000C\000L\000U\000S\000T\000E\000R}{subsection.5.2.4}% 197
\BOOKMARK [3][-]{subsubsection.5.2.4.2}{\376\377\000D\000E\000F\000A\000U\000L\000T\000\137\000S\000H\000A\000P\000E\000\137\000N\000A\000M\000E\000\137\000P\000L\000A\000N\000E}{subsection.5.2.4}% 198
\BOOKMARK [3][-]{subsubsection.5.2.4.3}{\376\377\000D\000E\000F\000A\000U\000L\000T\000\137\000V\000I\000S\000U\000A\000L\000I\000Z\000A\000T\000I\000O\000N\000\137\000N\000A\000M\000E\000\137\000S\000E\000P\000A\000R\000A\000T\000O\000R}{subsection.5.2.4}% 199
\BOOKMARK [3][-]{subsubsection.5.2.4.4}{\376\377\000p\000r\000i\000m\000i\000t\000i\000v\000e\000C\000l\000o\000u\000d}{subsection.5.2.4}% 200
\BOOKMARK [3][-]{subsubsection.5.2.4.5}{\376\377\000p\000r\000i\000m\000i\000t\000i\000v\000e\000C\000o\000e\000f\000f\000i\000c\000i\000e\000n\000t\000s}{subsection.5.2.4}% 201
\BOOKMARK [3][-]{subsubsection.5.2.4.6}{\376\377\000p\000r\000i\000m\000i\000t\000i\000v\000e\000N\000o\000r\000m\000a\000l\000s}{subsection.5.2.4}% 202
\BOOKMARK [3][-]{subsubsection.5.2.4.7}{\376\377\000s\000h\000a\000p\000e\000M\000a\000p\000I\000d\000x}{subsection.5.2.4}% 203
\BOOKMARK [3][-]{subsubsection.5.2.4.8}{\376\377\000s\000h\000a\000p\000e\000N\000a\000m\000e}{subsection.5.2.4}% 204
\BOOKMARK [3][-]{subsubsection.5.2.4.9}{\376\377\000v\000i\000s\000u\000a\000l\000i\000z\000a\000t\000i\000o\000n\000F\000l\000a\000g}{subsection.5.2.4}% 205
\BOOKMARK [3][-]{subsubsection.5.2.4.10}{\376\377\000v\000i\000s\000u\000a\000l\000i\000z\000a\000t\000i\000o\000n\000N\000a\000m\000e}{subsection.5.2.4}% 206
\BOOKMARK [1][-]{section.5.3}{\376\377\000v\000e\000c\000t\000o\000r\0003\000d\000\040\000S\000t\000r\000u\000c\000t\000\040\000R\000e\000f\000e\000r\000e\000n\000c\000e}{chapter.5}% 207
\BOOKMARK [2][-]{subsection.5.3.1}{\376\377\000D\000e\000t\000a\000i\000l\000e\000d\000\040\000D\000e\000s\000c\000r\000i\000p\000t\000i\000o\000n}{section.5.3}% 208
\BOOKMARK [2][-]{subsection.5.3.2}{\376\377\000M\000e\000m\000b\000e\000r\000\040\000D\000a\000t\000a\000\040\000D\000o\000c\000u\000m\000e\000n\000t\000a\000t\000i\000o\000n}{section.5.3}% 209
\BOOKMARK [3][-]{subsubsection.5.3.2.1}{\376\377\000x}{subsection.5.3.2}% 210
\BOOKMARK [3][-]{subsubsection.5.3.2.2}{\376\377\000y}{subsection.5.3.2}% 211
\BOOKMARK [3][-]{subsubsection.5.3.2.3}{\376\377\000z}{subsection.5.3.2}% 212
\BOOKMARK [0][-]{chapter.6}{\376\377\000F\000i\000l\000e\000\040\000D\000o\000c\000u\000m\000e\000n\000t\000a\000t\000i\000o\000n}{}% 213
\BOOKMARK [1][-]{section.6.1}{\376\377\000s\000r\000c\000/\000o\000b\000j\000\137\000s\000e\000g\000m\000e\000n\000t\000a\000t\000i\000o\000n\000.\000c\000p\000p\000\040\000F\000i\000l\000e\000\040\000R\000e\000f\000e\000r\000e\000n\000c\000e}{chapter.6}% 214
\BOOKMARK [2][-]{subsection.6.1.1}{\376\377\000T\000y\000p\000e\000d\000e\000f\000\040\000D\000o\000c\000u\000m\000e\000n\000t\000a\000t\000i\000o\000n}{section.6.1}% 215
\BOOKMARK [3][-]{subsubsection.6.1.1.1}{\376\377\000I\000n\000l\000i\000e\000r\000C\000l\000u\000s\000t\000e\000r\000P\000t\000r}{subsection.6.1.1}% 216
\BOOKMARK [3][-]{subsubsection.6.1.1.2}{\376\377\000I\000n\000l\000i\000e\000r\000C\000l\000u\000s\000t\000e\000r\000s}{subsection.6.1.1}% 217
\BOOKMARK [3][-]{subsubsection.6.1.1.3}{\376\377\000I\000n\000l\000i\000e\000r\000S\000u\000p\000p\000o\000r\000t\000s}{subsection.6.1.1}% 218
\BOOKMARK [3][-]{subsubsection.6.1.1.4}{\376\377\000I\000n\000l\000i\000e\000r\000S\000u\000p\000p\000o\000r\000t\000s\000P\000t\000r}{subsection.6.1.1}% 219
\BOOKMARK [2][-]{subsection.6.1.2}{\376\377\000F\000u\000n\000c\000t\000i\000o\000n\000\040\000D\000o\000c\000u\000m\000e\000n\000t\000a\000t\000i\000o\000n}{section.6.1}% 220
\BOOKMARK [3][-]{subsubsection.6.1.2.1}{\376\377\000c\000a\000l\000l\000A\000r\000m\000F\000i\000l\000t\000e\000r}{subsection.6.1.2}% 221
\BOOKMARK [3][-]{subsubsection.6.1.2.2}{\376\377\000c\000a\000l\000l\000C\000l\000u\000s\000t\000e\000r\000S\000e\000g\000m\000e\000n\000t\000a\000t\000i\000o\000n}{subsection.6.1.2}% 222
\BOOKMARK [3][-]{subsubsection.6.1.2.3}{\376\377\000c\000a\000l\000l\000D\000e\000e\000p\000F\000i\000l\000t\000e\000r}{subsection.6.1.2}% 223
\BOOKMARK [3][-]{subsubsection.6.1.2.4}{\376\377\000c\000a\000l\000l\000S\000u\000p\000p\000o\000r\000t\000F\000i\000l\000t\000e\000r}{subsection.6.1.2}% 224
\BOOKMARK [3][-]{subsubsection.6.1.2.5}{\376\377\000d\000e\000p\000t\000h\000A\000c\000q\000u\000i\000s\000i\000t\000i\000o\000n}{subsection.6.1.2}% 225
\BOOKMARK [3][-]{subsubsection.6.1.2.6}{\376\377\000m\000a\000i\000n}{subsection.6.1.2}% 226
\BOOKMARK [3][-]{subsubsection.6.1.2.7}{\376\377\000v\000i\000s\000S\000p\000i\000n}{subsection.6.1.2}% 227
\BOOKMARK [2][-]{subsection.6.1.3}{\376\377\000V\000a\000r\000i\000a\000b\000l\000e\000\040\000D\000o\000c\000u\000m\000e\000n\000t\000a\000t\000i\000o\000n}{section.6.1}% 228
\BOOKMARK [3][-]{subsubsection.6.1.3.1}{\376\377\000c\000e\000n\000t\000r\000o\000i\000d\000L\000o\000g\000F\000i\000l\000e\000P\000a\000t\000h}{subsection.6.1.3}% 229
\BOOKMARK [3][-]{subsubsection.6.1.3.2}{\376\377\000c\000l\000u\000s\000t\000e\000r\000P\000u\000b}{subsection.6.1.3}% 230
\BOOKMARK [3][-]{subsubsection.6.1.3.3}{\376\377\000i\000n\000p\000u\000t\000S\000h\000o\000w\000C\000l\000u\000s\000t\000e\000r\000C\000l\000o\000u\000d\000s}{subsection.6.1.3}% 231
\BOOKMARK [3][-]{subsubsection.6.1.3.4}{\376\377\000i\000n\000p\000u\000t\000S\000h\000o\000w\000O\000b\000j\000e\000c\000t\000O\000n\000S\000u\000p\000p\000o\000r\000t}{subsection.6.1.3}% 232
\BOOKMARK [3][-]{subsubsection.6.1.3.5}{\376\377\000i\000n\000p\000u\000t\000S\000h\000o\000w\000O\000r\000i\000g\000i\000n\000a\000l\000C\000l\000o\000u\000d}{subsection.6.1.3}% 233
\BOOKMARK [3][-]{subsubsection.6.1.3.6}{\376\377\000i\000n\000p\000u\000t\000S\000h\000o\000w\000S\000u\000p\000p\000o\000r\000t\000C\000l\000o\000u\000d\000s}{subsection.6.1.3}% 234
\BOOKMARK [3][-]{subsubsection.6.1.3.7}{\376\377\000l\000o\000g\000\137\000s\000t\000r\000\137\000d\000e\000p\000t\000h}{subsection.6.1.3}% 235
\BOOKMARK [3][-]{subsubsection.6.1.3.8}{\376\377\000l\000o\000g\000\137\000s\000t\000r\000\137\000s\000u\000p\000p}{subsection.6.1.3}% 236
\BOOKMARK [3][-]{subsubsection.6.1.3.9}{\376\377\000m\000a\000n\000a\000g\000e\000r}{subsection.6.1.3}% 237
\BOOKMARK [3][-]{subsubsection.6.1.3.10}{\376\377\000M\000I\000N\000\137\000P\000O\000I\000N\000T\000\137\000I\000N\000\137\000O\000R\000I\000G\000I\000N\000A\000L\000\137\000C\000L\000O\000U\000D}{subsection.6.1.3}% 238
\BOOKMARK [3][-]{subsubsection.6.1.3.11}{\376\377\000n\000h\000\137\000p\000t\000r}{subsection.6.1.3}% 239
\BOOKMARK [3][-]{subsubsection.6.1.3.12}{\376\377\000p\000c\000l\000T\000r\000a\000n\000s\000f\000o\000r\000m}{subsection.6.1.3}% 240
\BOOKMARK [3][-]{subsubsection.6.1.3.13}{\376\377\000s\000c\000a\000n\000I\000d}{subsection.6.1.3}% 241
\BOOKMARK [3][-]{subsubsection.6.1.3.14}{\376\377\000v\000i\000s}{subsection.6.1.3}% 242
\BOOKMARK [3][-]{subsubsection.6.1.3.15}{\376\377\000v\000i\000s\000\137\000m\000u\000t\000e\000x}{subsection.6.1.3}% 243
\BOOKMARK [3][-]{subsubsection.6.1.3.16}{\376\377\000v\000i\000s\000\137\000t\000h\000r\000e\000a\000d}{subsection.6.1.3}% 244
\BOOKMARK [1][-]{section.6.2}{\376\377\000s\000r\000c\000/\000p\000o\000i\000n\000t\000\137\000c\000l\000o\000u\000d\000\137\000l\000i\000b\000r\000a\000r\000y\000/\000p\000c\000\137\000m\000a\000n\000a\000g\000e\000r\000.\000c\000p\000p\000\040\000F\000i\000l\000e\000\040\000R\000e\000f\000e\000r\000e\000n\000c\000e}{chapter.6}% 245
\BOOKMARK [1][-]{section.6.3}{\376\377\000s\000r\000c\000/\000p\000o\000i\000n\000t\000\137\000c\000l\000o\000u\000d\000\137\000l\000i\000b\000r\000a\000r\000y\000/\000p\000c\000\137\000m\000a\000n\000a\000g\000e\000r\000.\000h\000\040\000F\000i\000l\000e\000\040\000R\000e\000f\000e\000r\000e\000n\000c\000e}{chapter.6}% 246
\BOOKMARK [2][-]{subsection.6.3.1}{\376\377\000T\000y\000p\000e\000d\000e\000f\000\040\000D\000o\000c\000u\000m\000e\000n\000t\000a\000t\000i\000o\000n}{section.6.3}% 247
\BOOKMARK [3][-]{subsubsection.6.3.1.1}{\376\377\000P\000C\000L\000V\000i\000s\000u\000a\000l\000i\000z\000e\000r}{subsection.6.3.1}% 248
\BOOKMARK [3][-]{subsubsection.6.3.1.2}{\376\377\000P\000C\000P\000r\000i\000m\000i\000t\000i\000v\000e\000P\000t\000r}{subsection.6.3.1}% 249
\BOOKMARK [1][-]{section.6.4}{\376\377\000s\000r\000c\000/\000p\000o\000i\000n\000t\000\137\000c\000l\000o\000u\000d\000\137\000l\000i\000b\000r\000a\000r\000y\000/\000p\000c\000\137\000p\000r\000i\000m\000i\000t\000i\000v\000e\000.\000c\000p\000p\000\040\000F\000i\000l\000e\000\040\000R\000e\000f\000e\000r\000e\000n\000c\000e}{chapter.6}% 250
\BOOKMARK [1][-]{section.6.5}{\376\377\000s\000r\000c\000/\000p\000o\000i\000n\000t\000\137\000c\000l\000o\000u\000d\000\137\000l\000i\000b\000r\000a\000r\000y\000/\000p\000c\000\137\000p\000r\000i\000m\000i\000t\000i\000v\000e\000.\000h\000\040\000F\000i\000l\000e\000\040\000R\000e\000f\000e\000r\000e\000n\000c\000e}{chapter.6}% 251
\BOOKMARK [2][-]{subsection.6.5.1}{\376\377\000T\000y\000p\000e\000d\000e\000f\000\040\000D\000o\000c\000u\000m\000e\000n\000t\000a\000t\000i\000o\000n}{section.6.5}% 252
\BOOKMARK [3][-]{subsubsection.6.5.1.1}{\376\377\000P\000C\000L\000C\000l\000o\000u\000d}{subsection.6.5.1}% 253
\BOOKMARK [3][-]{subsubsection.6.5.1.2}{\376\377\000P\000C\000L\000C\000l\000o\000u\000d\000P\000t\000r}{subsection.6.5.1}% 254
\BOOKMARK [3][-]{subsubsection.6.5.1.3}{\376\377\000P\000C\000L\000N\000o\000r\000m\000a\000l}{subsection.6.5.1}% 255
\BOOKMARK [3][-]{subsubsection.6.5.1.4}{\376\377\000P\000C\000L\000N\000o\000r\000m\000a\000l\000P\000t\000r}{subsection.6.5.1}% 256
\BOOKMARK [3][-]{subsubsection.6.5.1.5}{\376\377\000P\000r\000i\000m\000i\000t\000i\000v\000e\000I\000d\000x}{subsection.6.5.1}% 257
\BOOKMARK [3][-]{subsubsection.6.5.1.6}{\376\377\000P\000r\000i\000m\000i\000t\000i\000v\000e\000I\000d\000x\000P\000t\000r}{subsection.6.5.1}% 258
\BOOKMARK [1][-]{section.6.6}{\376\377\000s\000r\000c\000/\000p\000o\000i\000n\000t\000\137\000c\000l\000o\000u\000d\000\137\000l\000i\000b\000r\000a\000r\000y\000/\000s\000r\000v\000\137\000m\000a\000n\000a\000g\000e\000r\000.\000h\000\040\000F\000i\000l\000e\000\040\000R\000e\000f\000e\000r\000e\000n\000c\000e}{chapter.6}% 259
\BOOKMARK [1][-]{section.6.7}{\376\377\000s\000r\000c\000/\000r\000a\000n\000s\000a\000c\000\137\000s\000e\000g\000m\000e\000n\000t\000a\000t\000i\000o\000n\000.\000c\000p\000p\000\040\000F\000i\000l\000e\000\040\000R\000e\000f\000e\000r\000e\000n\000c\000e}{chapter.6}% 260
\BOOKMARK [2][-]{subsection.6.7.1}{\376\377\000T\000y\000p\000e\000d\000e\000f\000\040\000D\000o\000c\000u\000m\000e\000n\000t\000a\000t\000i\000o\000n}{section.6.7}% 261
\BOOKMARK [3][-]{subsubsection.6.7.1.1}{\376\377\000I\000n\000l\000i\000e\000r\000s\000C\000l\000u\000s\000t\000e\000r\000s}{subsection.6.7.1}% 262
\BOOKMARK [3][-]{subsubsection.6.7.1.2}{\376\377\000I\000n\000l\000i\000e\000r\000s\000C\000l\000u\000s\000t\000e\000r\000s\000P\000t\000r}{subsection.6.7.1}% 263
\BOOKMARK [3][-]{subsubsection.6.7.1.3}{\376\377\000P\000r\000i\000m\000i\000t\000i\000v\000e\000S\000e\000g\000m\000e\000n\000t\000a\000t\000i\000o\000n\000P\000t\000r}{subsection.6.7.1}% 264
\BOOKMARK [2][-]{subsection.6.7.2}{\376\377\000F\000u\000n\000c\000t\000i\000o\000n\000\040\000D\000o\000c\000u\000m\000e\000n\000t\000a\000t\000i\000o\000n}{section.6.7}% 265
\BOOKMARK [3][-]{subsubsection.6.7.2.1}{\376\377\000c\000a\000l\000l\000R\000a\000n\000s\000a\000c\000C\000o\000n\000e\000S\000e\000g\000m\000e\000n\000t\000a\000t\000i\000o\000n}{subsection.6.7.2}% 266
\BOOKMARK [3][-]{subsubsection.6.7.2.2}{\376\377\000c\000a\000l\000l\000R\000a\000n\000s\000a\000c\000C\000y\000l\000i\000n\000d\000e\000r\000S\000e\000g\000m\000e\000n\000t\000a\000t\000i\000o\000n}{subsection.6.7.2}% 267
\BOOKMARK [3][-]{subsubsection.6.7.2.3}{\376\377\000c\000a\000l\000l\000R\000a\000n\000s\000a\000c\000P\000l\000a\000n\000e\000S\000e\000g\000m\000e\000n\000t\000a\000t\000i\000o\000n}{subsection.6.7.2}% 268
\BOOKMARK [3][-]{subsubsection.6.7.2.4}{\376\377\000c\000a\000l\000l\000R\000a\000n\000s\000a\000c\000S\000p\000h\000e\000r\000e\000S\000e\000g\000m\000e\000n\000t\000a\000t\000i\000o\000n}{subsection.6.7.2}% 269
\BOOKMARK [3][-]{subsubsection.6.7.2.5}{\376\377\000c\000l\000u\000s\000t\000e\000r\000s\000A\000c\000q\000u\000i\000s\000i\000t\000i\000o\000n}{subsection.6.7.2}% 270
\BOOKMARK [3][-]{subsubsection.6.7.2.6}{\376\377\000m\000a\000i\000n}{subsection.6.7.2}% 271
\BOOKMARK [3][-]{subsubsection.6.7.2.7}{\376\377\000p\000r\000i\000n\000t\000C\000o\000n\000e\000I\000n\000f\000o}{subsection.6.7.2}% 272
\BOOKMARK [3][-]{subsubsection.6.7.2.8}{\376\377\000p\000r\000i\000n\000t\000C\000y\000l\000i\000n\000d\000e\000r\000I\000n\000f\000o}{subsection.6.7.2}% 273
\BOOKMARK [3][-]{subsubsection.6.7.2.9}{\376\377\000p\000r\000i\000n\000t\000P\000l\000a\000n\000e\000I\000n\000f\000o}{subsection.6.7.2}% 274
\BOOKMARK [3][-]{subsubsection.6.7.2.10}{\376\377\000p\000r\000i\000n\000t\000S\000p\000h\000e\000r\000e\000I\000n\000f\000o}{subsection.6.7.2}% 275
\BOOKMARK [3][-]{subsubsection.6.7.2.11}{\376\377\000r\000e\000t\000u\000r\000n\000P\000r\000i\000m\000i\000t\000i\000v\000e\000N\000a\000m\000e\000F\000r\000o\000m\000T\000a\000g}{subsection.6.7.2}% 276
\BOOKMARK [3][-]{subsubsection.6.7.2.12}{\376\377\000v\000i\000s\000S\000p\000i\000n}{subsection.6.7.2}% 277
\BOOKMARK [2][-]{subsection.6.7.3}{\376\377\000V\000a\000r\000i\000a\000b\000l\000e\000\040\000D\000o\000c\000u\000m\000e\000n\000t\000a\000t\000i\000o\000n}{section.6.7}% 278
\BOOKMARK [3][-]{subsubsection.6.7.3.1}{\376\377\000c\000e\000n\000t\000r\000o\000i\000d\000F\000i\000l\000e\000L\000o\000g}{subsection.6.7.3}% 279
\BOOKMARK [3][-]{subsubsection.6.7.3.2}{\376\377\000c\000o\000n\000e\000M\000i\000n\000I\000n\000l\000i\000e\000r\000s}{subsection.6.7.3}% 280
\BOOKMARK [3][-]{subsubsection.6.7.3.3}{\376\377\000c\000o\000n\000e\000O\000v\000e\000r\000C\000y\000l\000i\000n\000d\000e\000r\000P\000r\000i\000o\000r\000i\000t\000y}{subsection.6.7.3}% 281
\BOOKMARK [3][-]{subsubsection.6.7.3.4}{\376\377\000c\000y\000l\000i\000n\000d\000e\000r\000M\000i\000n\000I\000n\000l\000i\000e\000r\000s}{subsection.6.7.3}% 282
\BOOKMARK [3][-]{subsubsection.6.7.3.5}{\376\377\000D\000E\000F\000A\000U\000L\000T\000\137\000C\000O\000N\000E\000\137\000M\000I\000N\000\137\000I\000N\000L\000I\000E\000R\000S}{subsection.6.7.3}% 283
\BOOKMARK [3][-]{subsubsection.6.7.3.6}{\376\377\000D\000E\000F\000A\000U\000L\000T\000\137\000C\000O\000N\000E\000\137\000O\000V\000E\000R\000\137\000C\000Y\000L\000I\000N\000D\000E\000R\000\137\000P\000R\000I\000O\000R\000I\000T\000Y}{subsection.6.7.3}% 284
\BOOKMARK [3][-]{subsubsection.6.7.3.7}{\376\377\000D\000E\000F\000A\000U\000L\000T\000\137\000C\000Y\000L\000I\000N\000D\000E\000R\000\137\000M\000I\000N\000\137\000I\000N\000L\000I\000E\000R\000S}{subsection.6.7.3}% 285
\BOOKMARK [3][-]{subsubsection.6.7.3.8}{\376\377\000D\000E\000F\000A\000U\000L\000T\000\137\000P\000L\000A\000N\000E\000\137\000M\000I\000N\000\137\000I\000N\000L\000I\000E\000R\000S}{subsection.6.7.3}% 286
\BOOKMARK [3][-]{subsubsection.6.7.3.9}{\376\377\000D\000E\000F\000A\000U\000L\000T\000\137\000S\000H\000O\000W\000\137\000P\000R\000I\000M\000I\000T\000I\000V\000E}{subsection.6.7.3}% 287
\BOOKMARK [3][-]{subsubsection.6.7.3.10}{\376\377\000D\000E\000F\000A\000U\000L\000T\000\137\000S\000P\000H\000E\000R\000E\000\137\000M\000I\000N\000\137\000I\000N\000L\000I\000E\000R\000S}{subsection.6.7.3}% 288
\BOOKMARK [3][-]{subsubsection.6.7.3.11}{\376\377\000n\000h\000\137\000p\000t\000r}{subsection.6.7.3}% 289
\BOOKMARK [3][-]{subsubsection.6.7.3.12}{\376\377\000p\000l\000a\000n\000e\000M\000i\000n\000I\000n\000l\000i\000e\000r\000s}{subsection.6.7.3}% 290
\BOOKMARK [3][-]{subsubsection.6.7.3.13}{\376\377\000p\000u\000b}{subsection.6.7.3}% 291
\BOOKMARK [3][-]{subsubsection.6.7.3.14}{\376\377\000S\000H\000O\000W\000\137\000P\000R\000I\000M\000I\000T\000I\000V\000E}{subsection.6.7.3}% 292
\BOOKMARK [3][-]{subsubsection.6.7.3.15}{\376\377\000s\000p\000h\000e\000r\000e\000M\000i\000n\000I\000n\000l\000i\000e\000r\000s}{subsection.6.7.3}% 293
\BOOKMARK [3][-]{subsubsection.6.7.3.16}{\376\377\000T\000X\000T\000\137\000C\000O\000N\000E\000\137\000S\000H\000A\000P\000E\000\137\000T\000A\000G}{subsection.6.7.3}% 294
\BOOKMARK [3][-]{subsubsection.6.7.3.17}{\376\377\000T\000X\000T\000\137\000C\000Y\000L\000I\000N\000D\000E\000R\000\137\000S\000H\000A\000P\000E\000\137\000T\000A\000G}{subsection.6.7.3}% 295
\BOOKMARK [3][-]{subsubsection.6.7.3.18}{\376\377\000T\000X\000T\000\137\000P\000L\000A\000N\000E\000\137\000S\000H\000A\000P\000E\000\137\000T\000A\000G}{subsection.6.7.3}% 296
\BOOKMARK [3][-]{subsubsection.6.7.3.19}{\376\377\000T\000X\000T\000\137\000S\000P\000H\000E\000R\000E\000\137\000S\000H\000A\000P\000E\000\137\000T\000A\000G}{subsection.6.7.3}% 297
\BOOKMARK [3][-]{subsubsection.6.7.3.20}{\376\377\000T\000X\000T\000\137\000U\000N\000K\000N\000O\000W\000N\000\137\000S\000H\000A\000P\000E\000\137\000T\000A\000G}{subsection.6.7.3}% 298
\BOOKMARK [3][-]{subsubsection.6.7.3.21}{\376\377\000v\000i\000s}{subsection.6.7.3}% 299
\BOOKMARK [3][-]{subsubsection.6.7.3.22}{\376\377\000v\000i\000s\000\137\000m\000u\000t\000e\000x}{subsection.6.7.3}% 300
\BOOKMARK [3][-]{subsubsection.6.7.3.23}{\376\377\000v\000i\000s\000\137\000t\000h\000r\000e\000a\000d}{subsection.6.7.3}% 301
\BOOKMARK [1][-]{section.6.8}{\376\377\000s\000r\000c\000/\000s\000e\000g\000m\000e\000n\000t\000a\000t\000i\000o\000n\000\137\000s\000e\000r\000v\000i\000c\000e\000s\000/\000a\000r\000m\000\137\000f\000i\000l\000t\000e\000r\000\137\000s\000r\000v\000.\000c\000p\000p\000\040\000F\000i\000l\000e\000\040\000R\000e\000f\000e\000r\000e\000n\000c\000e}{chapter.6}% 302
\BOOKMARK [2][-]{subsection.6.8.1}{\376\377\000F\000u\000n\000c\000t\000i\000o\000n\000\040\000D\000o\000c\000u\000m\000e\000n\000t\000a\000t\000i\000o\000n}{section.6.8}% 303
\BOOKMARK [3][-]{subsubsection.6.8.1.1}{\376\377\000a\000r\000m\000F\000i\000l\000t\000e\000r\000i\000n\000g}{subsection.6.8.1}% 304
\BOOKMARK [3][-]{subsubsection.6.8.1.2}{\376\377\000f\000i\000l\000t\000e\000r}{subsection.6.8.1}% 305
\BOOKMARK [3][-]{subsubsection.6.8.1.3}{\376\377\000g\000e\000n\000e\000r\000a\000t\000e\000B\000o\000x\000V\000e\000c\000t\000o\000r}{subsection.6.8.1}% 306
\BOOKMARK [3][-]{subsubsection.6.8.1.4}{\376\377\000i\000n\000p\000u\000t\000C\000l\000o\000u\000d}{subsection.6.8.1}% 307
\BOOKMARK [3][-]{subsubsection.6.8.1.5}{\376\377\000m\000a\000i\000n}{subsection.6.8.1}% 308
\BOOKMARK [3][-]{subsubsection.6.8.1.6}{\376\377\000o\000u\000t\000p\000u\000t\000C\000l\000o\000u\000d\0001}{subsection.6.8.1}% 309
\BOOKMARK [3][-]{subsubsection.6.8.1.7}{\376\377\000o\000u\000t\000p\000u\000t\000C\000l\000o\000u\000d\0002}{subsection.6.8.1}% 310
\BOOKMARK [3][-]{subsubsection.6.8.1.8}{\376\377\000o\000u\000t\000p\000u\000t\000C\000l\000o\000u\000d\0003}{subsection.6.8.1}% 311
\BOOKMARK [3][-]{subsubsection.6.8.1.9}{\376\377\000o\000u\000t\000p\000u\000t\000C\000l\000o\000u\000d\0004}{subsection.6.8.1}% 312
\BOOKMARK [3][-]{subsubsection.6.8.1.10}{\376\377\000v\000i\000s\000S\000p\000i\000n}{subsection.6.8.1}% 313
\BOOKMARK [2][-]{subsection.6.8.2}{\376\377\000V\000a\000r\000i\000a\000b\000l\000e\000\040\000D\000o\000c\000u\000m\000e\000n\000t\000a\000t\000i\000o\000n}{section.6.8}% 314
\BOOKMARK [3][-]{subsubsection.6.8.2.1}{\376\377\000D\000E\000F\000A\000U\000L\000T\000\137\000P\000A\000R\000A\000M\000\137\000A\000R\000M\000\137\000S\000R\000V\000\137\000M\000A\000X\000\137\000E\000L\000B\000O\000W\000\137\000B\000O\000X}{subsection.6.8.2}% 315
\BOOKMARK [3][-]{subsubsection.6.8.2.2}{\376\377\000D\000E\000F\000A\000U\000L\000T\000\137\000P\000A\000R\000A\000M\000\137\000A\000R\000M\000\137\000S\000R\000V\000\137\000M\000A\000X\000\137\000F\000O\000R\000E\000A\000R\000M\000\137\000B\000O\000X}{subsection.6.8.2}% 316
\BOOKMARK [3][-]{subsubsection.6.8.2.3}{\376\377\000D\000E\000F\000A\000U\000L\000T\000\137\000P\000A\000R\000A\000M\000\137\000A\000R\000M\000\137\000S\000R\000V\000\137\000M\000I\000N\000\137\000E\000L\000B\000O\000W\000\137\000B\000O\000X}{subsection.6.8.2}% 317
\BOOKMARK [3][-]{subsubsection.6.8.2.4}{\376\377\000D\000E\000F\000A\000U\000L\000T\000\137\000P\000A\000R\000A\000M\000\137\000A\000R\000M\000\137\000S\000R\000V\000\137\000M\000I\000N\000\137\000F\000O\000R\000E\000A\000R\000M\000\137\000B\000O\000X}{subsection.6.8.2}% 318
\BOOKMARK [3][-]{subsubsection.6.8.2.5}{\376\377\000l\000e\000f\000t\000E\000l\000b\000o\000w\000C\000a\000m\000e\000r\000a\000T\000a\000n\000s\000f}{subsection.6.8.2}% 319
\BOOKMARK [3][-]{subsubsection.6.8.2.6}{\376\377\000l\000e\000f\000t\000F\000o\000r\000e\000a\000r\000m\000C\000a\000m\000e\000r\000a\000T\000a\000n\000s\000f}{subsection.6.8.2}% 320
\BOOKMARK [3][-]{subsubsection.6.8.2.7}{\376\377\000l\000o\000g\000\137\000s\000t\000r\000\137\000d\000e\000p\000t\000h}{subsection.6.8.2}% 321
\BOOKMARK [3][-]{subsubsection.6.8.2.8}{\376\377\000r\000i\000g\000h\000t\000E\000l\000b\000o\000w\000C\000a\000m\000e\000r\000a\000T\000a\000n\000s\000f}{subsection.6.8.2}% 322
\BOOKMARK [3][-]{subsubsection.6.8.2.9}{\376\377\000r\000i\000g\000h\000t\000F\000o\000r\000e\000a\000r\000m\000C\000a\000m\000e\000r\000a\000T\000a\000n\000s\000f}{subsection.6.8.2}% 323
\BOOKMARK [3][-]{subsubsection.6.8.2.10}{\376\377\000s\000h\000o\000w\000C\000l\000o\000u\000d\000s}{subsection.6.8.2}% 324
\BOOKMARK [3][-]{subsubsection.6.8.2.11}{\376\377\000t\000f\000E\000r\000r\000o\000r}{subsection.6.8.2}% 325
\BOOKMARK [3][-]{subsubsection.6.8.2.12}{\376\377\000v\000i\000s}{subsection.6.8.2}% 326
\BOOKMARK [3][-]{subsubsection.6.8.2.13}{\376\377\000v\000i\000s\000\137\000m\000u\000t\000e\000x}{subsection.6.8.2}% 327
\BOOKMARK [3][-]{subsubsection.6.8.2.14}{\376\377\000v\000i\000s\000\137\000t\000h\000r\000e\000a\000d}{subsection.6.8.2}% 328
\BOOKMARK [3][-]{subsubsection.6.8.2.15}{\376\377\000W\000A\000I\000T\000\137\000F\000O\000R\000\137\000T\000F\000\137\000T\000I\000M\000E\000\137\000O\000U\000T}{subsection.6.8.2}% 329
\BOOKMARK [1][-]{section.6.9}{\376\377\000s\000r\000c\000/\000s\000e\000g\000m\000e\000n\000t\000a\000t\000i\000o\000n\000\137\000s\000e\000r\000v\000i\000c\000e\000s\000/\000c\000l\000u\000s\000t\000e\000r\000\137\000s\000e\000g\000m\000e\000n\000t\000a\000t\000i\000o\000n\000\137\000s\000r\000v\000.\000c\000p\000p\000\040\000F\000i\000l\000e\000\040\000R\000e\000f\000e\000r\000e\000n\000c\000e}{chapter.6}% 330
\BOOKMARK [2][-]{subsection.6.9.1}{\376\377\000F\000u\000n\000c\000t\000i\000o\000n\000\040\000D\000o\000c\000u\000m\000e\000n\000t\000a\000t\000i\000o\000n}{section.6.9}% 331
\BOOKMARK [3][-]{subsubsection.6.9.1.1}{\376\377\000c\000l\000u\000s\000t\000e\000r\000i\000z\000e}{subsection.6.9.1}% 332
\BOOKMARK [3][-]{subsubsection.6.9.1.2}{\376\377\000m\000a\000i\000n}{subsection.6.9.1}% 333
\BOOKMARK [2][-]{subsection.6.9.2}{\376\377\000V\000a\000r\000i\000a\000b\000l\000e\000\040\000D\000o\000c\000u\000m\000e\000n\000t\000a\000t\000i\000o\000n}{section.6.9}% 334
\BOOKMARK [3][-]{subsubsection.6.9.2.1}{\376\377\000C\000L\000U\000S\000T\000E\000R\000\137\000M\000A\000X\000\137\000R\000A\000T\000E\000\137\000D\000E\000F\000A\000U\000L\000T}{subsection.6.9.2}% 335
\BOOKMARK [3][-]{subsubsection.6.9.2.2}{\376\377\000C\000L\000U\000S\000T\000E\000R\000\137\000M\000I\000N\000\137\000I\000N\000P\000U\000T\000\137\000S\000I\000Z\000E\000\137\000D\000E\000F\000A\000U\000L\000T}{subsection.6.9.2}% 336
\BOOKMARK [3][-]{subsubsection.6.9.2.3}{\376\377\000C\000L\000U\000S\000T\000E\000R\000\137\000M\000I\000N\000\137\000R\000A\000T\000E\000\137\000D\000E\000F\000A\000U\000L\000T}{subsection.6.9.2}% 337
\BOOKMARK [3][-]{subsubsection.6.9.2.4}{\376\377\000C\000L\000U\000S\000T\000E\000R\000\137\000T\000O\000L\000E\000R\000A\000N\000C\000E\000\137\000D\000E\000F\000A\000U\000L\000T}{subsection.6.9.2}% 338
\BOOKMARK [3][-]{subsubsection.6.9.2.5}{\376\377\000n\000h\000\137\000p\000t\000r}{subsection.6.9.2}% 339
\BOOKMARK [1][-]{section.6.10}{\376\377\000s\000r\000c\000/\000s\000e\000g\000m\000e\000n\000t\000a\000t\000i\000o\000n\000\137\000s\000e\000r\000v\000i\000c\000e\000s\000/\000c\000o\000n\000e\000\137\000s\000e\000g\000m\000e\000n\000t\000a\000t\000i\000o\000n\000\137\000s\000r\000v\000.\000c\000p\000p\000\040\000F\000i\000l\000e\000\040\000R\000e\000f\000e\000r\000e\000n\000c\000e}{chapter.6}% 340
\BOOKMARK [2][-]{subsection.6.10.1}{\376\377\000F\000u\000n\000c\000t\000i\000o\000n\000\040\000D\000o\000c\000u\000m\000e\000n\000t\000a\000t\000i\000o\000n}{section.6.10}% 341
\BOOKMARK [3][-]{subsubsection.6.10.1.1}{\376\377\000g\000e\000t\000N\000o\000r\000m\000a\000l\000i\000z\000e\000A\000x\000e\000s\000D\000i\000r\000e\000c\000t\000i\000o\000n\000V\000e\000c\000t\000o\000r}{subsection.6.10.1}% 342
\BOOKMARK [3][-]{subsubsection.6.10.1.2}{\376\377\000g\000e\000t\000P\000o\000i\000n\000t\000O\000n\000A\000x\000e\000s}{subsection.6.10.1}% 343
\BOOKMARK [3][-]{subsubsection.6.10.1.3}{\376\377\000g\000e\000t\000V\000e\000c\000t\000o\000r\000B\000e\000t\000w\000e\000e\000n\000P\000o\000i\000n\000t\000s}{subsection.6.10.1}% 344
\BOOKMARK [3][-]{subsubsection.6.10.1.4}{\376\377\000m\000a\000i\000n}{subsection.6.10.1}% 345
\BOOKMARK [3][-]{subsubsection.6.10.1.5}{\376\377\000r\000a\000n\000s\000a\000c\000C\000o\000n\000e\000D\000e\000t\000a\000c\000t\000i\000o\000n}{subsection.6.10.1}% 346
\BOOKMARK [3][-]{subsubsection.6.10.1.6}{\376\377\000v\000i\000s\000S\000p\000i\000n}{subsection.6.10.1}% 347
\BOOKMARK [2][-]{subsection.6.10.2}{\376\377\000V\000a\000r\000i\000a\000b\000l\000e\000\040\000D\000o\000c\000u\000m\000e\000n\000t\000a\000t\000i\000o\000n}{section.6.10}% 348
\BOOKMARK [3][-]{subsubsection.6.10.2.1}{\376\377\000C\000O\000N\000E\000\137\000D\000I\000S\000T\000A\000N\000C\000E\000\137\000T\000H}{subsection.6.10.2}% 349
\BOOKMARK [3][-]{subsubsection.6.10.2.2}{\376\377\000C\000O\000N\000E\000\137\000E\000P\000S\000\137\000A\000N\000G\000L\000E\000\137\000T\000H}{subsection.6.10.2}% 350
\BOOKMARK [3][-]{subsubsection.6.10.2.3}{\376\377\000C\000O\000N\000E\000\137\000M\000A\000X\000\137\000I\000T\000E\000R\000A\000T\000I\000O\000N\000\137\000L\000I\000M\000I\000T}{subsection.6.10.2}% 351
\BOOKMARK [3][-]{subsubsection.6.10.2.4}{\376\377\000C\000O\000N\000E\000\137\000M\000A\000X\000\137\000O\000P\000E\000N\000I\000N\000G\000\137\000A\000N\000G\000L\000E\000\137\000D\000E\000G\000R\000E\000E}{subsection.6.10.2}% 352
\BOOKMARK [3][-]{subsubsection.6.10.2.5}{\376\377\000C\000O\000N\000E\000\137\000M\000A\000X\000\137\000R\000A\000D\000I\000U\000S\000\137\000L\000I\000M\000I\000T}{subsection.6.10.2}% 353
\BOOKMARK [3][-]{subsubsection.6.10.2.6}{\376\377\000C\000O\000N\000E\000\137\000M\000I\000N\000\137\000O\000P\000E\000N\000I\000N\000G\000\137\000A\000N\000G\000L\000E\000\137\000D\000E\000G\000R\000E\000E}{subsection.6.10.2}% 354
\BOOKMARK [3][-]{subsubsection.6.10.2.7}{\376\377\000C\000O\000N\000E\000\137\000M\000I\000N\000\137\000R\000A\000D\000I\000U\000S\000\137\000L\000I\000M\000I\000T}{subsection.6.10.2}% 355
\BOOKMARK [3][-]{subsubsection.6.10.2.8}{\376\377\000C\000O\000N\000E\000\137\000N\000O\000R\000M\000A\000L\000\137\000D\000I\000S\000T\000A\000N\000C\000E\000\137\000W\000E\000I\000G\000T\000H}{subsection.6.10.2}% 356
\BOOKMARK [3][-]{subsubsection.6.10.2.9}{\376\377\000n\000h\000\137\000p\000t\000r}{subsection.6.10.2}% 357
\BOOKMARK [3][-]{subsubsection.6.10.2.10}{\376\377\000v\000i\000s}{subsection.6.10.2}% 358
\BOOKMARK [3][-]{subsubsection.6.10.2.11}{\376\377\000v\000i\000s\000\137\000m\000u\000t\000e\000x}{subsection.6.10.2}% 359
\BOOKMARK [3][-]{subsubsection.6.10.2.12}{\376\377\000v\000i\000s\000\137\000t\000h\000r\000e\000a\000d}{subsection.6.10.2}% 360
\BOOKMARK [3][-]{subsubsection.6.10.2.13}{\376\377\000V\000I\000S\000U\000A\000L\000I\000Z\000E\000\137\000R\000E\000S\000U\000L\000T}{subsection.6.10.2}% 361
\BOOKMARK [1][-]{section.6.11}{\376\377\000s\000r\000c\000/\000s\000e\000g\000m\000e\000n\000t\000a\000t\000i\000o\000n\000\137\000s\000e\000r\000v\000i\000c\000e\000s\000/\000c\000y\000l\000i\000n\000d\000e\000r\000\137\000s\000e\000g\000m\000e\000n\000t\000a\000t\000i\000o\000n\000\137\000s\000r\000v\000.\000c\000p\000p\000\040\000F\000i\000l\000e\000\040\000R\000e\000f\000e\000r\000e\000n\000c\000e}{chapter.6}% 362
\BOOKMARK [2][-]{subsection.6.11.1}{\376\377\000F\000u\000n\000c\000t\000i\000o\000n\000\040\000D\000o\000c\000u\000m\000e\000n\000t\000a\000t\000i\000o\000n}{section.6.11}% 363
\BOOKMARK [3][-]{subsubsection.6.11.1.1}{\376\377\000g\000e\000t\000N\000o\000r\000m\000a\000l\000i\000z\000e\000A\000x\000e\000s\000D\000i\000r\000e\000c\000t\000i\000o\000n\000V\000e\000c\000t\000o\000r}{subsection.6.11.1}% 364
\BOOKMARK [3][-]{subsubsection.6.11.1.2}{\376\377\000g\000e\000t\000P\000o\000i\000n\000t\000O\000n\000A\000x\000e\000s}{subsection.6.11.1}% 365
\BOOKMARK [3][-]{subsubsection.6.11.1.3}{\376\377\000g\000e\000t\000V\000e\000c\000t\000o\000r\000B\000e\000t\000w\000e\000e\000n\000P\000o\000i\000n\000t\000s}{subsection.6.11.1}% 366
\BOOKMARK [3][-]{subsubsection.6.11.1.4}{\376\377\000m\000a\000i\000n}{subsection.6.11.1}% 367
\BOOKMARK [3][-]{subsubsection.6.11.1.5}{\376\377\000r\000a\000n\000s\000a\000c\000C\000y\000l\000i\000n\000d\000e\000r\000D\000e\000t\000a\000c\000t\000i\000o\000n}{subsection.6.11.1}% 368
\BOOKMARK [3][-]{subsubsection.6.11.1.6}{\376\377\000v\000i\000s\000S\000p\000i\000n}{subsection.6.11.1}% 369
\BOOKMARK [2][-]{subsection.6.11.2}{\376\377\000V\000a\000r\000i\000a\000b\000l\000e\000\040\000D\000o\000c\000u\000m\000e\000n\000t\000a\000t\000i\000o\000n}{section.6.11}% 370
\BOOKMARK [3][-]{subsubsection.6.11.2.1}{\376\377\000C\000Y\000L\000I\000N\000D\000E\000R\000\137\000D\000I\000S\000T\000A\000N\000C\000E\000\137\000T\000H}{subsection.6.11.2}% 371
\BOOKMARK [3][-]{subsubsection.6.11.2.2}{\376\377\000C\000Y\000L\000I\000N\000D\000E\000R\000\137\000E\000P\000S\000\137\000A\000N\000G\000L\000E\000\137\000T\000H}{subsection.6.11.2}% 372
\BOOKMARK [3][-]{subsubsection.6.11.2.3}{\376\377\000C\000Y\000L\000I\000N\000D\000E\000R\000\137\000M\000A\000X\000\137\000I\000T\000E\000R\000A\000T\000I\000O\000N\000\137\000L\000I\000M\000I\000T}{subsection.6.11.2}% 373
\BOOKMARK [3][-]{subsubsection.6.11.2.4}{\376\377\000C\000Y\000L\000I\000N\000D\000E\000R\000\137\000M\000A\000X\000\137\000O\000P\000E\000N\000I\000N\000G\000\137\000A\000N\000G\000L\000E\000\137\000D\000E\000G\000R\000E\000E}{subsection.6.11.2}% 374
\BOOKMARK [3][-]{subsubsection.6.11.2.5}{\376\377\000C\000Y\000L\000I\000N\000D\000E\000R\000\137\000M\000A\000X\000\137\000R\000A\000D\000I\000U\000S\000\137\000L\000I\000M\000I\000T}{subsection.6.11.2}% 375
\BOOKMARK [3][-]{subsubsection.6.11.2.6}{\376\377\000C\000Y\000L\000I\000N\000D\000E\000R\000\137\000M\000I\000N\000\137\000O\000P\000E\000N\000I\000N\000G\000\137\000A\000N\000G\000L\000E\000\137\000D\000E\000G\000R\000E\000E}{subsection.6.11.2}% 376
\BOOKMARK [3][-]{subsubsection.6.11.2.7}{\376\377\000C\000Y\000L\000I\000N\000D\000E\000R\000\137\000M\000I\000N\000\137\000R\000A\000D\000I\000U\000S\000\137\000L\000I\000M\000I\000T}{subsection.6.11.2}% 377
\BOOKMARK [3][-]{subsubsection.6.11.2.8}{\376\377\000C\000Y\000L\000I\000N\000D\000E\000R\000\137\000N\000O\000R\000M\000A\000L\000\137\000D\000I\000S\000T\000A\000N\000C\000E\000\137\000W\000E\000I\000G\000T\000H}{subsection.6.11.2}% 378
\BOOKMARK [3][-]{subsubsection.6.11.2.9}{\376\377\000n\000h\000\137\000p\000t\000r}{subsection.6.11.2}% 379
\BOOKMARK [3][-]{subsubsection.6.11.2.10}{\376\377\000v\000i\000s}{subsection.6.11.2}% 380
\BOOKMARK [3][-]{subsubsection.6.11.2.11}{\376\377\000v\000i\000s\000\137\000m\000u\000t\000e\000x}{subsection.6.11.2}% 381
\BOOKMARK [3][-]{subsubsection.6.11.2.12}{\376\377\000v\000i\000s\000\137\000t\000h\000r\000e\000a\000d}{subsection.6.11.2}% 382
\BOOKMARK [3][-]{subsubsection.6.11.2.13}{\376\377\000V\000I\000S\000U\000A\000L\000I\000Z\000E\000\137\000R\000E\000S\000U\000L\000T}{subsection.6.11.2}% 383
\BOOKMARK [1][-]{section.6.12}{\376\377\000s\000r\000c\000/\000s\000e\000g\000m\000e\000n\000t\000a\000t\000i\000o\000n\000\137\000s\000e\000r\000v\000i\000c\000e\000s\000/\000d\000e\000e\000p\000\137\000f\000i\000l\000t\000e\000r\000\137\000s\000r\000v\000.\000c\000p\000p\000\040\000F\000i\000l\000e\000\040\000R\000e\000f\000e\000r\000e\000n\000c\000e}{chapter.6}% 384
\BOOKMARK [2][-]{subsection.6.12.1}{\376\377\000F\000u\000n\000c\000t\000i\000o\000n\000\040\000D\000o\000c\000u\000m\000e\000n\000t\000a\000t\000i\000o\000n}{section.6.12}% 385
\BOOKMARK [3][-]{subsubsection.6.12.1.1}{\376\377\000d\000e\000e\000p\000F\000i\000l\000t\000e\000r\000i\000n\000g}{subsection.6.12.1}% 386
\BOOKMARK [3][-]{subsubsection.6.12.1.2}{\376\377\000m\000a\000i\000n}{subsection.6.12.1}% 387
\BOOKMARK [2][-]{subsection.6.12.2}{\376\377\000V\000a\000r\000i\000a\000b\000l\000e\000\040\000D\000o\000c\000u\000m\000e\000n\000t\000a\000t\000i\000o\000n}{section.6.12}% 388
\BOOKMARK [3][-]{subsubsection.6.12.2.1}{\376\377\000D\000E\000F\000A\000U\000L\000T\000\137\000P\000A\000R\000A\000M\000\137\000D\000E\000E\000P\000\137\000S\000R\000V\000\137\000Z\000\137\000T\000H\000R\000E\000S\000H\000O\000L\000D}{subsection.6.12.2}% 389
\BOOKMARK [1][-]{section.6.13}{\376\377\000s\000r\000c\000/\000s\000e\000g\000m\000e\000n\000t\000a\000t\000i\000o\000n\000\137\000s\000e\000r\000v\000i\000c\000e\000s\000/\000p\000l\000a\000n\000e\000\137\000s\000e\000g\000m\000e\000n\000t\000a\000t\000i\000o\000n\000\137\000s\000r\000v\000.\000c\000p\000p\000\040\000F\000i\000l\000e\000\040\000R\000e\000f\000e\000r\000e\000n\000c\000e}{chapter.6}% 390
\BOOKMARK [2][-]{subsection.6.13.1}{\376\377\000F\000u\000n\000c\000t\000i\000o\000n\000\040\000D\000o\000c\000u\000m\000e\000n\000t\000a\000t\000i\000o\000n}{section.6.13}% 391
\BOOKMARK [3][-]{subsubsection.6.13.1.1}{\376\377\000m\000a\000i\000n}{subsection.6.13.1}% 392
\BOOKMARK [3][-]{subsubsection.6.13.1.2}{\376\377\000r\000a\000n\000s\000a\000c\000P\000l\000a\000n\000e\000D\000e\000t\000a\000c\000t\000i\000o\000n}{subsection.6.13.1}% 393
\BOOKMARK [2][-]{subsection.6.13.2}{\376\377\000V\000a\000r\000i\000a\000b\000l\000e\000\040\000D\000o\000c\000u\000m\000e\000n\000t\000a\000t\000i\000o\000n}{section.6.13}% 394
\BOOKMARK [3][-]{subsubsection.6.13.2.1}{\376\377\000n\000h\000\137\000p\000t\000r}{subsection.6.13.2}% 395
\BOOKMARK [3][-]{subsubsection.6.13.2.2}{\376\377\000P\000L\000A\000N\000E\000\137\000D\000I\000S\000T\000A\000N\000C\000E\000\137\000T\000H}{subsection.6.13.2}% 396
\BOOKMARK [3][-]{subsubsection.6.13.2.3}{\376\377\000P\000L\000A\000N\000E\000\137\000E\000P\000S\000\137\000A\000N\000G\000L\000E\000\137\000T\000H}{subsection.6.13.2}% 397
\BOOKMARK [3][-]{subsubsection.6.13.2.4}{\376\377\000P\000L\000A\000N\000E\000\137\000M\000A\000X\000\137\000I\000T\000E\000R\000A\000T\000I\000O\000N\000\137\000L\000I\000M\000I\000T}{subsection.6.13.2}% 398
\BOOKMARK [3][-]{subsubsection.6.13.2.5}{\376\377\000P\000L\000A\000N\000E\000\137\000M\000A\000X\000\137\000O\000P\000E\000N\000I\000N\000G\000\137\000A\000N\000G\000L\000E\000\137\000D\000E\000G\000R\000E\000E}{subsection.6.13.2}% 399
\BOOKMARK [3][-]{subsubsection.6.13.2.6}{\376\377\000P\000L\000A\000N\000E\000\137\000M\000I\000N\000\137\000O\000P\000E\000N\000I\000N\000G\000\137\000A\000N\000G\000L\000E\000\137\000D\000E\000G\000R\000E\000E}{subsection.6.13.2}% 400
\BOOKMARK [3][-]{subsubsection.6.13.2.7}{\376\377\000P\000L\000A\000N\000E\000\137\000N\000O\000R\000M\000A\000L\000\137\000D\000I\000S\000T\000A\000N\000C\000E\000\137\000W\000E\000I\000G\000T\000H}{subsection.6.13.2}% 401
\BOOKMARK [1][-]{section.6.14}{\376\377\000s\000r\000c\000/\000s\000e\000g\000m\000e\000n\000t\000a\000t\000i\000o\000n\000\137\000s\000e\000r\000v\000i\000c\000e\000s\000/\000s\000p\000h\000e\000r\000e\000\137\000s\000e\000g\000m\000e\000n\000t\000a\000t\000i\000o\000n\000\137\000s\000r\000v\000.\000c\000p\000p\000\040\000F\000i\000l\000e\000\040\000R\000e\000f\000e\000r\000e\000n\000c\000e}{chapter.6}% 402
\BOOKMARK [2][-]{subsection.6.14.1}{\376\377\000F\000u\000n\000c\000t\000i\000o\000n\000\040\000D\000o\000c\000u\000m\000e\000n\000t\000a\000t\000i\000o\000n}{section.6.14}% 403
\BOOKMARK [3][-]{subsubsection.6.14.1.1}{\376\377\000m\000a\000i\000n}{subsection.6.14.1}% 404
\BOOKMARK [3][-]{subsubsection.6.14.1.2}{\376\377\000r\000a\000n\000s\000a\000c\000S\000p\000h\000e\000r\000e\000D\000e\000t\000e\000c\000t\000i\000o\000n}{subsection.6.14.1}% 405
\BOOKMARK [2][-]{subsection.6.14.2}{\376\377\000V\000a\000r\000i\000a\000b\000l\000e\000\040\000D\000o\000c\000u\000m\000e\000n\000t\000a\000t\000i\000o\000n}{section.6.14}% 406
\BOOKMARK [3][-]{subsubsection.6.14.2.1}{\376\377\000n\000h\000\137\000p\000t\000r}{subsection.6.14.2}% 407
\BOOKMARK [3][-]{subsubsection.6.14.2.2}{\376\377\000S\000P\000H\000E\000R\000E\000\137\000D\000I\000S\000T\000A\000N\000C\000E\000\137\000T\000H}{subsection.6.14.2}% 408
\BOOKMARK [3][-]{subsubsection.6.14.2.3}{\376\377\000S\000P\000H\000E\000R\000E\000\137\000E\000P\000S\000\137\000A\000N\000G\000L\000E\000\137\000T\000H}{subsection.6.14.2}% 409
\BOOKMARK [3][-]{subsubsection.6.14.2.4}{\376\377\000S\000P\000H\000E\000R\000E\000\137\000M\000A\000X\000\137\000I\000T\000E\000R\000A\000T\000I\000O\000N\000\137\000L\000I\000M\000I\000T}{subsection.6.14.2}% 410
\BOOKMARK [3][-]{subsubsection.6.14.2.5}{\376\377\000S\000P\000H\000E\000R\000E\000\137\000M\000A\000X\000\137\000O\000P\000E\000N\000I\000N\000G\000\137\000A\000N\000G\000L\000E\000\137\000D\000E\000G\000R\000E\000E}{subsection.6.14.2}% 411
\BOOKMARK [3][-]{subsubsection.6.14.2.6}{\376\377\000S\000P\000H\000E\000R\000E\000\137\000M\000A\000X\000\137\000R\000A\000D\000I\000U\000S\000\137\000L\000I\000M\000I\000T}{subsection.6.14.2}% 412
\BOOKMARK [3][-]{subsubsection.6.14.2.7}{\376\377\000S\000P\000H\000E\000R\000E\000\137\000M\000I\000N\000\137\000O\000P\000E\000N\000I\000N\000G\000\137\000A\000N\000G\000L\000E\000\137\000D\000E\000G\000R\000E\000E}{subsection.6.14.2}% 413
\BOOKMARK [3][-]{subsubsection.6.14.2.8}{\376\377\000S\000P\000H\000E\000R\000E\000\137\000M\000I\000N\000\137\000R\000A\000D\000I\000U\000S\000\137\000L\000I\000M\000I\000T}{subsection.6.14.2}% 414
\BOOKMARK [3][-]{subsubsection.6.14.2.9}{\376\377\000S\000P\000H\000E\000R\000E\000\137\000N\000O\000R\000M\000A\000L\000\137\000D\000I\000S\000T\000A\000N\000C\000E\000\137\000W\000E\000I\000G\000T\000H}{subsection.6.14.2}% 415
\BOOKMARK [1][-]{section.6.15}{\376\377\000s\000r\000c\000/\000s\000e\000g\000m\000e\000n\000t\000a\000t\000i\000o\000n\000\137\000s\000e\000r\000v\000i\000c\000e\000s\000/\000s\000u\000p\000p\000o\000r\000t\000s\000\137\000s\000e\000g\000m\000e\000n\000t\000a\000t\000i\000o\000n\000\137\000s\000r\000v\000.\000c\000p\000p\000\040\000F\000i\000l\000e\000\040\000R\000e\000f\000e\000r\000e\000n\000c\000e}{chapter.6}% 416
\BOOKMARK [2][-]{subsection.6.15.1}{\376\377\000F\000u\000n\000c\000t\000i\000o\000n\000\040\000D\000o\000c\000u\000m\000e\000n\000t\000a\000t\000i\000o\000n}{section.6.15}% 417
\BOOKMARK [3][-]{subsubsection.6.15.1.1}{\376\377\000c\000r\000e\000a\000t\000e\000N\000e\000w\000I\000d\000x\000M\000a\000p}{subsection.6.15.1}% 418
\BOOKMARK [3][-]{subsubsection.6.15.1.2}{\376\377\000e\000x\000t\000r\000a\000c\000t}{subsection.6.15.1}% 419
\BOOKMARK [3][-]{subsubsection.6.15.1.3}{\376\377\000f\000i\000n\000d\000S\000u\000p\000p\000o\000r\000t\000s}{subsection.6.15.1}% 420
\BOOKMARK [3][-]{subsubsection.6.15.1.4}{\376\377\000g\000e\000t\000P\000o\000i\000n\000t\000O\000n\000P\000l\000a\000n\000e}{subsection.6.15.1}% 421
\BOOKMARK [3][-]{subsubsection.6.15.1.5}{\376\377\000i\000n\000i\000t\000i\000a\000l\000i\000z\000e\000I\000n\000p\000u\000t\000P\000a\000r\000a\000m\000e\000t\000e\000r\000s}{subsection.6.15.1}% 422
\BOOKMARK [3][-]{subsubsection.6.15.1.6}{\376\377\000i\000s\000H\000o\000r\000i\000z\000o\000n\000t\000a\000l\000P\000l\000a\000n\000e}{subsection.6.15.1}% 423
\BOOKMARK [3][-]{subsubsection.6.15.1.7}{\376\377\000m\000a\000i\000n}{subsection.6.15.1}% 424
\BOOKMARK [3][-]{subsubsection.6.15.1.8}{\376\377\000r\000a\000n\000s\000a\000c\000P\000l\000a\000n\000e\000S\000e\000g\000m\000e\000n\000t\000a\000t\000o\000r}{subsection.6.15.1}% 425
\BOOKMARK [3][-]{subsubsection.6.15.1.9}{\376\377\000r\000e\000m\000o\000v\000e\000P\000l\000a\000n\000e\000I\000n\000l\000i\000n\000e\000r}{subsection.6.15.1}% 426
\BOOKMARK [3][-]{subsubsection.6.15.1.10}{\376\377\000v\000a\000l\000u\000e\000B\000e\000l\000o\000n\000g\000s\000T\000o\000A\000r\000r\000a\000y}{subsection.6.15.1}% 427
\BOOKMARK [2][-]{subsection.6.15.2}{\376\377\000V\000a\000r\000i\000a\000b\000l\000e\000\040\000D\000o\000c\000u\000m\000e\000n\000t\000a\000t\000i\000o\000n}{section.6.15}% 428
\BOOKMARK [3][-]{subsubsection.6.15.2.1}{\376\377\000D\000E\000F\000A\000U\000L\000T\000\137\000P\000A\000R\000A\000M\000\137\000S\000U\000P\000P\000O\000R\000T\000\137\000S\000R\000V\000\137\000H\000O\000R\000I\000Z\000O\000N\000T\000A\000L\000\137\000A\000X\000I\000S}{subsection.6.15.2}% 429
\BOOKMARK [3][-]{subsubsection.6.15.2.2}{\376\377\000D\000E\000F\000A\000U\000L\000T\000\137\000P\000A\000R\000A\000M\000\137\000S\000U\000P\000P\000O\000R\000T\000\137\000S\000R\000V\000\137\000M\000I\000N\000\137\000I\000T\000E\000R\000A\000T\000I\000V\000E\000\137\000C\000L\000O\000U\000D\000\137\000P\000E\000R\000C\000E\000N\000T\000A\000G\000E}{subsection.6.15.2}% 430
\BOOKMARK [3][-]{subsubsection.6.15.2.3}{\376\377\000D\000E\000F\000A\000U\000L\000T\000\137\000P\000A\000R\000A\000M\000\137\000S\000U\000P\000P\000O\000R\000T\000\137\000S\000R\000V\000\137\000M\000I\000N\000\137\000I\000T\000E\000R\000A\000T\000I\000V\000E\000\137\000S\000U\000P\000P\000O\000R\000T\000\137\000P\000E\000R\000C\000E\000N\000T\000A\000G\000E}{subsection.6.15.2}% 431
\BOOKMARK [3][-]{subsubsection.6.15.2.4}{\376\377\000D\000E\000F\000A\000U\000L\000T\000\137\000P\000A\000R\000A\000M\000\137\000S\000U\000P\000P\000O\000R\000T\000\137\000S\000R\000V\000\137\000R\000A\000N\000S\000A\000C\000\137\000D\000I\000S\000T\000A\000N\000C\000E\000\137\000P\000O\000I\000N\000T\000\137\000I\000N\000\137\000S\000H\000A\000P\000E\000\137\000T\000H\000R\000E\000S\000H\000O\000L\000D}{subsection.6.15.2}% 432
\BOOKMARK [3][-]{subsubsection.6.15.2.5}{\376\377\000D\000E\000F\000A\000U\000L\000T\000\137\000P\000A\000R\000A\000M\000\137\000S\000U\000P\000P\000O\000R\000T\000\137\000S\000R\000V\000\137\000R\000A\000N\000S\000A\000C\000\137\000M\000A\000X\000\137\000I\000T\000E\000R\000A\000T\000I\000O\000N\000\137\000T\000H\000R\000E\000S\000H\000O\000L\000D}{subsection.6.15.2}% 433
\BOOKMARK [3][-]{subsubsection.6.15.2.6}{\376\377\000D\000E\000F\000A\000U\000L\000T\000\137\000P\000A\000R\000A\000M\000\137\000S\000U\000P\000P\000O\000R\000T\000\137\000S\000R\000V\000\137\000R\000A\000N\000S\000A\000C\000\137\000M\000O\000D\000E\000L\000\137\000N\000O\000R\000M\000A\000L\000\137\000D\000I\000S\000T\000A\000N\000C\000E\000\137\000W\000E\000I\000G\000H\000T}{subsection.6.15.2}% 434
\BOOKMARK [3][-]{subsubsection.6.15.2.7}{\376\377\000D\000E\000F\000A\000U\000L\000T\000\137\000P\000A\000R\000A\000M\000\137\000S\000U\000P\000P\000O\000R\000T\000\137\000S\000R\000V\000\137\000S\000U\000P\000P\000O\000R\000T\000\137\000E\000D\000G\000E\000\137\000R\000E\000M\000O\000V\000E\000\137\000O\000F\000F\000S\000E\000T}{subsection.6.15.2}% 435
\BOOKMARK [3][-]{subsubsection.6.15.2.8}{\376\377\000D\000E\000F\000A\000U\000L\000T\000\137\000P\000A\000R\000A\000M\000\137\000S\000U\000P\000P\000O\000R\000T\000\137\000S\000R\000V\000\137\000V\000A\000R\000I\000A\000N\000C\000E\000\137\000T\000H\000R\000E\000S\000H\000O\000L\000D\000\137\000F\000O\000R\000\137\000H\000O\000R\000I\000Z\000O\000N\000T\000A\000L}{subsection.6.15.2}% 436
\BOOKMARK [3][-]{subsubsection.6.15.2.9}{\376\377\000h\000o\000r\000i\000z\000o\000n\000t\000a\000l\000A\000x\000i\000s}{subsection.6.15.2}% 437
\BOOKMARK [3][-]{subsubsection.6.15.2.10}{\376\377\000i\000n\000f}{subsection.6.15.2}% 438
\BOOKMARK [3][-]{subsubsection.6.15.2.11}{\376\377\000m\000a\000x\000V\000a\000r\000i\000a\000n\000c\000e\000T\000h\000F\000o\000r\000H\000o\000r\000i\000z\000o\000n\000t\000a\000l}{subsection.6.15.2}% 439
\BOOKMARK [3][-]{subsubsection.6.15.2.12}{\376\377\000m\000i\000n\000I\000t\000e\000r\000a\000t\000i\000v\000e\000C\000l\000o\000u\000d\000P\000e\000r\000c\000e\000n\000t\000a\000g\000e}{subsection.6.15.2}% 440
\BOOKMARK [3][-]{subsubsection.6.15.2.13}{\376\377\000m\000i\000n\000P\000l\000a\000n\000e\000P\000e\000r\000c\000e\000n\000t\000a\000g\000e\000S\000i\000z\000e}{subsection.6.15.2}% 441
\BOOKMARK [3][-]{subsubsection.6.15.2.14}{\376\377\000m\000i\000n\000V\000a\000r\000i\000a\000n\000c\000e\000T\000h\000F\000o\000r\000H\000o\000r\000i\000z\000o\000n\000t\000a\000l}{subsection.6.15.2}% 442
\BOOKMARK [3][-]{subsubsection.6.15.2.15}{\376\377\000n\000e\000g\000\137\000i\000n\000f}{subsection.6.15.2}% 443
\BOOKMARK [3][-]{subsubsection.6.15.2.16}{\376\377\000o\000r\000i\000g\000i\000n\000a\000l\000C\000l\000o\000u\000d}{subsection.6.15.2}% 444
\BOOKMARK [3][-]{subsubsection.6.15.2.17}{\376\377\000o\000r\000i\000g\000i\000n\000a\000l\000N\000o\000r\000m\000s}{subsection.6.15.2}% 445
\BOOKMARK [3][-]{subsubsection.6.15.2.18}{\376\377\000r\000a\000n\000s\000a\000c\000M\000a\000x\000I\000t\000e\000r\000a\000t\000i\000o\000n}{subsection.6.15.2}% 446
\BOOKMARK [3][-]{subsubsection.6.15.2.19}{\376\377\000r\000a\000n\000s\000a\000c\000N\000o\000r\000m\000a\000l\000D\000i\000s\000t\000a\000n\000c\000e\000W\000e\000i\000g\000t\000h}{subsection.6.15.2}% 447
\BOOKMARK [3][-]{subsubsection.6.15.2.20}{\376\377\000r\000a\000n\000s\000a\000c\000T\000h\000D\000i\000s\000t\000a\000n\000c\000e\000P\000o\000i\000n\000t\000S\000h\000a\000p\000e}{subsection.6.15.2}% 448
\BOOKMARK [3][-]{subsubsection.6.15.2.21}{\376\377\000s\000e\000g}{subsection.6.15.2}% 449
\BOOKMARK [3][-]{subsubsection.6.15.2.22}{\376\377\000s\000u\000p\000p\000o\000r\000t\000E\000d\000g\000e\000R\000e\000m\000o\000v\000e\000O\000f\000f\000s\000e\000t}{subsection.6.15.2}% 450
\BOOKMARK [3][-]{subsubsection.6.15.2.23}{\376\377\000v\000i\000s}{subsection.6.15.2}% 451
\BOOKMARK [3][-]{subsubsection.6.15.2.24}{\376\377\000v\000i\000s\000\137\000m\000u\000t\000e\000x}{subsection.6.15.2}% 452
\BOOKMARK [3][-]{subsubsection.6.15.2.25}{\376\377\000v\000i\000s\000\137\000t\000h\000r\000e\000a\000d}{subsection.6.15.2}% 453
